2025-05-12 01:38:18,583 - mmrotate - INFO - Environment info:
------------------------------------------------------------
sys.platform: linux
Python: 3.8.20 | packaged by conda-forge | (default, Sep 30 2024, 17:52:49) [GCC 13.3.0]
CUDA available: True
GPU 0: NVIDIA A100-SXM4-80GB
CUDA_HOME: /usr/local/cuda
NVCC: Cuda compilation tools, release 10.1, V10.1.24
GCC: gcc (Ubuntu 9.4.0-1ubuntu1~20.04.2) 9.4.0
PyTorch: 1.9.0+cu111
PyTorch compiling details: PyTorch built with:
  - GCC 7.3
  - C++ Version: 201402
  - Intel(R) Math Kernel Library Version 2020.0.0 Product Build 20191122 for Intel(R) 64 architecture applications
  - Intel(R) MKL-DNN v2.1.2 (Git Hash 98be7e8afa711dc9b66c8ff3504129cb82013cdb)
  - OpenMP 201511 (a.k.a. OpenMP 4.5)
  - NNPACK is enabled
  - CPU capability usage: AVX2
  - CUDA Runtime 11.1
  - NVCC architecture flags: -gencode;arch=compute_37,code=sm_37;-gencode;arch=compute_50,code=sm_50;-gencode;arch=compute_60,code=sm_60;-gencode;arch=compute_70,code=sm_70;-gencode;arch=compute_75,code=sm_75;-gencode;arch=compute_80,code=sm_80;-gencode;arch=compute_86,code=sm_86
  - CuDNN 8.0.5
  - Magma 2.5.2
  - Build settings: BLAS_INFO=mkl, BUILD_TYPE=Release, CUDA_VERSION=11.1, CUDNN_VERSION=8.0.5, CXX_COMPILER=/opt/rh/devtoolset-7/root/usr/bin/c++, CXX_FLAGS= -Wno-deprecated -fvisibility-inlines-hidden -DUSE_PTHREADPOOL -fopenmp -DNDEBUG -DUSE_KINETO -DUSE_FBGEMM -DUSE_QNNPACK -DUSE_PYTORCH_QNNPACK -DUSE_XNNPACK -DSYMBOLICATE_MOBILE_DEBUG_HANDLE -O2 -fPIC -Wno-narrowing -Wall -Wextra -Werror=return-type -Wno-missing-field-initializers -Wno-type-limits -Wno-array-bounds -Wno-unknown-pragmas -Wno-sign-compare -Wno-unused-parameter -Wno-unused-variable -Wno-unused-function -Wno-unused-result -Wno-unused-local-typedefs -Wno-strict-overflow -Wno-strict-aliasing -Wno-error=deprecated-declarations -Wno-stringop-overflow -Wno-psabi -Wno-error=pedantic -Wno-error=redundant-decls -Wno-error=old-style-cast -fdiagnostics-color=always -faligned-new -Wno-unused-but-set-variable -Wno-maybe-uninitialized -fno-math-errno -fno-trapping-math -Werror=format -Wno-stringop-overflow, LAPACK_INFO=mkl, PERF_WITH_AVX=1, PERF_WITH_AVX2=1, PERF_WITH_AVX512=1, TORCH_VERSION=1.9.0, USE_CUDA=ON, USE_CUDNN=ON, USE_EXCEPTION_PTR=1, USE_GFLAGS=OFF, USE_GLOG=OFF, USE_MKL=ON, USE_MKLDNN=ON, USE_MPI=OFF, USE_NCCL=ON, USE_NNPACK=ON, USE_OPENMP=ON, 

TorchVision: 0.10.0+cu111
OpenCV: 4.11.0
MMCV: 1.7.2
MMCV Compiler: GCC 7.3
MMCV CUDA Compiler: 11.1
MMRotate: 0.3.4+b030f38
------------------------------------------------------------

2025-05-12 01:38:19,581 - mmrotate - INFO - Distributed training: True
2025-05-12 01:38:20,354 - mmrotate - INFO - Config:
dataset_type = 'BrickKilnDataset'
data_root = '/home/shardul.junagade/my-work/domain-adaptation-brick-kilns/data/uttar_pradesh/'
img_norm_cfg = dict(
    mean=[123.675, 116.28, 103.53], std=[58.395, 57.12, 57.375], to_rgb=True)
train_pipeline = [
    dict(type='LoadImageFromFile'),
    dict(type='LoadAnnotations', with_bbox=True),
    dict(type='RResize', img_scale=(128, 128)),
    dict(
        type='RRandomFlip',
        flip_ratio=[0.25, 0.25, 0.25],
        direction=['horizontal', 'vertical', 'diagonal'],
        version='le135'),
    dict(
        type='Normalize',
        mean=[123.675, 116.28, 103.53],
        std=[58.395, 57.12, 57.375],
        to_rgb=True),
    dict(type='Pad', size_divisor=32),
    dict(type='DefaultFormatBundle'),
    dict(type='Collect', keys=['img', 'gt_bboxes', 'gt_labels'])
]
test_pipeline = [
    dict(type='LoadImageFromFile'),
    dict(
        type='MultiScaleFlipAug',
        img_scale=(128, 128),
        flip=False,
        transforms=[
            dict(type='RResize'),
            dict(
                type='Normalize',
                mean=[123.675, 116.28, 103.53],
                std=[58.395, 57.12, 57.375],
                to_rgb=True),
            dict(type='Pad', size_divisor=32),
            dict(type='DefaultFormatBundle'),
            dict(type='Collect', keys=['img'])
        ])
]
data = dict(
    samples_per_gpu=128,
    workers_per_gpu=2,
    train=dict(
        type='BrickKilnDataset',
        ann_file=
        '/home/shardul.junagade/my-work/domain-adaptation-brick-kilns/data/uttar_pradesh/train/annfiles/',
        img_prefix=
        '/home/shardul.junagade/my-work/domain-adaptation-brick-kilns/data/uttar_pradesh/train/images/',
        pipeline=[
            dict(type='LoadImageFromFile'),
            dict(type='LoadAnnotations', with_bbox=True),
            dict(type='RResize', img_scale=(128, 128)),
            dict(
                type='RRandomFlip',
                flip_ratio=[0.25, 0.25, 0.25],
                direction=['horizontal', 'vertical', 'diagonal'],
                version='le135'),
            dict(
                type='Normalize',
                mean=[123.675, 116.28, 103.53],
                std=[58.395, 57.12, 57.375],
                to_rgb=True),
            dict(type='Pad', size_divisor=32),
            dict(type='DefaultFormatBundle'),
            dict(type='Collect', keys=['img', 'gt_bboxes', 'gt_labels'])
        ],
        version='le135'),
    val=dict(
        type='BrickKilnDataset',
        ann_file=
        '/home/shardul.junagade/my-work/domain-adaptation-brick-kilns/data/uttar_pradesh/val/annfiles/',
        img_prefix=
        '/home/shardul.junagade/my-work/domain-adaptation-brick-kilns/data/uttar_pradesh/val/images/',
        pipeline=[
            dict(type='LoadImageFromFile'),
            dict(
                type='MultiScaleFlipAug',
                img_scale=(128, 128),
                flip=False,
                transforms=[
                    dict(type='RResize'),
                    dict(
                        type='Normalize',
                        mean=[123.675, 116.28, 103.53],
                        std=[58.395, 57.12, 57.375],
                        to_rgb=True),
                    dict(type='Pad', size_divisor=32),
                    dict(type='DefaultFormatBundle'),
                    dict(type='Collect', keys=['img'])
                ])
        ],
        version='le135'),
    test=dict(
        type='BrickKilnDataset',
        ann_file=
        '/home/shardul.junagade/my-work/domain-adaptation-brick-kilns/data/uttar_pradesh/test/images/',
        img_prefix=
        '/home/shardul.junagade/my-work/domain-adaptation-brick-kilns/data/uttar_pradesh/test/images/',
        pipeline=[
            dict(type='LoadImageFromFile'),
            dict(
                type='MultiScaleFlipAug',
                img_scale=(128, 128),
                flip=False,
                transforms=[
                    dict(type='RResize'),
                    dict(
                        type='Normalize',
                        mean=[123.675, 116.28, 103.53],
                        std=[58.395, 57.12, 57.375],
                        to_rgb=True),
                    dict(type='Pad', size_divisor=32),
                    dict(type='DefaultFormatBundle'),
                    dict(type='Collect', keys=['img'])
                ])
        ],
        version='le135'))
evaluation = dict(interval=1, metric='mAP')
optimizer = dict(type='SGD', lr=0.0025, momentum=0.9, weight_decay=0.0001)
optimizer_config = dict(grad_clip=dict(max_norm=35, norm_type=2))
lr_config = dict(
    policy='step',
    warmup='linear',
    warmup_iters=500,
    warmup_ratio=0.3333333333333333,
    step=[8, 11])
runner = dict(type='EpochBasedRunner', max_epochs=25)
checkpoint_config = dict(interval=1)
log_config = dict(interval=50, hooks=[dict(type='TextLoggerHook')])
dist_params = dict(backend='nccl')
log_level = 'INFO'
load_from = None
resume_from = None
workflow = [('train', 1)]
opencv_num_threads = 0
mp_start_method = 'fork'
angle_version = 'le135'
model = dict(
    type='S2ANet',
    backbone=dict(
        type='ResNet',
        depth=50,
        num_stages=4,
        out_indices=(0, 1, 2, 3),
        frozen_stages=1,
        zero_init_residual=False,
        norm_cfg=dict(type='BN', requires_grad=True),
        norm_eval=True,
        style='pytorch',
        init_cfg=dict(type='Pretrained', checkpoint='torchvision://resnet50')),
    neck=dict(
        type='FPN',
        in_channels=[256, 512, 1024, 2048],
        out_channels=256,
        start_level=1,
        add_extra_convs='on_input',
        num_outs=5),
    fam_head=dict(
        type='RotatedRetinaHead',
        num_classes=3,
        in_channels=256,
        stacked_convs=2,
        feat_channels=256,
        assign_by_circumhbbox=None,
        anchor_generator=dict(
            type='RotatedAnchorGenerator',
            scales=[4],
            ratios=[1.0],
            strides=[8, 16, 32, 64, 128]),
        bbox_coder=dict(
            type='DeltaXYWHAOBBoxCoder',
            angle_range='le135',
            norm_factor=1,
            edge_swap=False,
            proj_xy=True,
            target_means=(0.0, 0.0, 0.0, 0.0, 0.0),
            target_stds=(1.0, 1.0, 1.0, 1.0, 1.0)),
        loss_cls=dict(
            type='FocalLoss',
            use_sigmoid=True,
            gamma=2.0,
            alpha=0.25,
            loss_weight=1.0),
        loss_bbox=dict(type='SmoothL1Loss', beta=0.11, loss_weight=1.0)),
    align_cfgs=dict(
        type='AlignConv',
        kernel_size=3,
        channels=256,
        featmap_strides=[8, 16, 32, 64, 128]),
    odm_head=dict(
        type='ODMRefineHead',
        num_classes=3,
        in_channels=256,
        stacked_convs=2,
        feat_channels=256,
        assign_by_circumhbbox=None,
        anchor_generator=dict(
            type='PseudoAnchorGenerator', strides=[8, 16, 32, 64, 128]),
        bbox_coder=dict(
            type='DeltaXYWHAOBBoxCoder',
            angle_range='le135',
            norm_factor=1,
            edge_swap=False,
            proj_xy=True,
            target_means=(0.0, 0.0, 0.0, 0.0, 0.0),
            target_stds=(1.0, 1.0, 1.0, 1.0, 1.0)),
        loss_cls=dict(
            type='FocalLoss',
            use_sigmoid=True,
            gamma=2.0,
            alpha=0.25,
            loss_weight=1.0),
        loss_bbox=dict(type='SmoothL1Loss', beta=0.11, loss_weight=1.0)),
    train_cfg=dict(
        fam_cfg=dict(
            assigner=dict(
                type='MaxIoUAssigner',
                pos_iou_thr=0.5,
                neg_iou_thr=0.4,
                min_pos_iou=0,
                ignore_iof_thr=-1,
                iou_calculator=dict(type='RBboxOverlaps2D')),
            allowed_border=-1,
            pos_weight=-1,
            debug=False),
        odm_cfg=dict(
            assigner=dict(
                type='MaxIoUAssigner',
                pos_iou_thr=0.5,
                neg_iou_thr=0.4,
                min_pos_iou=0,
                ignore_iof_thr=-1,
                iou_calculator=dict(type='RBboxOverlaps2D')),
            allowed_border=-1,
            pos_weight=-1,
            debug=False)),
    test_cfg=dict(
        nms_pre=2000,
        min_bbox_size=0,
        score_thr=0.05,
        nms=dict(iou_thr=0.1),
        max_per_img=2000))
batch_size = 128
num_epochs = 25
work_dir = './work_dirs/s2anet_r50_fpn_1x_up_le135'
auto_resume = False
gpu_ids = range(0, 1)

2025-05-12 01:38:20,354 - mmrotate - INFO - Set random seed to 0, deterministic: False
2025-05-12 01:38:44,553 - mmrotate - INFO - Start running, host: shardul.junagade@ramanujan, work_dir: /home/shardul.junagade/my-work/domain-adaptation-brick-kilns/mmrotate/work_dirs/s2anet_r50_fpn_1x_up_le135
2025-05-12 01:38:44,554 - mmrotate - INFO - Hooks will be executed in the following order:
before_run:
(VERY_HIGH   ) StepLrUpdaterHook                  
(NORMAL      ) CheckpointHook                     
(LOW         ) DistEvalHook                       
(VERY_LOW    ) TextLoggerHook                     
 -------------------- 
before_train_epoch:
(VERY_HIGH   ) StepLrUpdaterHook                  
(NORMAL      ) DistSamplerSeedHook                
(LOW         ) IterTimerHook                      
(LOW         ) DistEvalHook                       
(VERY_LOW    ) TextLoggerHook                     
 -------------------- 
before_train_iter:
(VERY_HIGH   ) StepLrUpdaterHook                  
(LOW         ) IterTimerHook                      
(LOW         ) DistEvalHook                       
 -------------------- 
after_train_iter:
(ABOVE_NORMAL) OptimizerHook                      
(NORMAL      ) CheckpointHook                     
(LOW         ) IterTimerHook                      
(LOW         ) DistEvalHook                       
(VERY_LOW    ) TextLoggerHook                     
 -------------------- 
after_train_epoch:
(NORMAL      ) CheckpointHook                     
(LOW         ) DistEvalHook                       
(VERY_LOW    ) TextLoggerHook                     
 -------------------- 
before_val_epoch:
(NORMAL      ) DistSamplerSeedHook                
(LOW         ) IterTimerHook                      
(VERY_LOW    ) TextLoggerHook                     
 -------------------- 
before_val_iter:
(LOW         ) IterTimerHook                      
 -------------------- 
after_val_iter:
(LOW         ) IterTimerHook                      
 -------------------- 
after_val_epoch:
(VERY_LOW    ) TextLoggerHook                     
 -------------------- 
after_run:
(VERY_LOW    ) TextLoggerHook                     
 -------------------- 
2025-05-12 01:38:44,554 - mmrotate - INFO - workflow: [('train', 1)], max: 25 epochs
2025-05-12 01:38:44,554 - mmrotate - INFO - Checkpoints will be saved to /home/shardul.junagade/my-work/domain-adaptation-brick-kilns/mmrotate/work_dirs/s2anet_r50_fpn_1x_up_le135 by HardDiskBackend.
2025-05-12 01:41:16,474 - mmrotate - INFO - Epoch [1][50/116]	lr: 9.967e-04, eta: 2:24:19, time: 3.038, data_time: 0.185, memory: 3133, fam.loss_cls: 0.8516, fam.loss_bbox: 1.3733, odm.loss_cls: 1.1169, odm.loss_bbox: 1.5586, loss: 4.9004, grad_norm: 24.8378
2025-05-12 01:43:35,802 - mmrotate - INFO - Epoch [1][100/116]	lr: 1.163e-03, eta: 2:15:54, time: 2.787, data_time: 0.118, memory: 3133, fam.loss_cls: 0.5172, fam.loss_bbox: 0.7139, odm.loss_cls: 0.8305, odm.loss_bbox: 0.9126, loss: 2.9742, grad_norm: 10.1902
2025-05-12 01:44:22,347 - mmrotate - INFO - Saving checkpoint at 1 epochs
2025-05-12 01:48:00,276 - mmrotate - INFO - 
+--------+------+--------+--------+-------+
| class  | gts  | dets   | recall | ap    |
+--------+------+--------+--------+-------+
| CFCBK  | 580  | 141090 | 0.022  | 0.000 |
| FCBK   | 3820 | 496650 | 0.034  | 0.003 |
| Zigzag | 2152 | 286276 | 0.032  | 0.001 |
+--------+------+--------+--------+-------+
| mAP    |      |        |        | 0.001 |
+--------+------+--------+--------+-------+
2025-05-12 01:48:00,347 - mmrotate - INFO - Exp name: s2anet_r50_fpn_1x_up_le135.py
2025-05-12 01:48:00,348 - mmrotate - INFO - Epoch(val) [1][4936]	mAP: 0.0014
2025-05-12 01:49:35,178 - mmrotate - INFO - Epoch [2][50/116]	lr: 1.383e-03, eta: 1:45:58, time: 1.896, data_time: 0.125, memory: 3133, fam.loss_cls: 0.4265, fam.loss_bbox: 0.5769, odm.loss_cls: 0.5824, odm.loss_bbox: 0.7024, loss: 2.2883, grad_norm: 13.6752
2025-05-12 01:51:06,578 - mmrotate - INFO - Epoch [2][100/116]	lr: 1.550e-03, eta: 1:38:52, time: 1.828, data_time: 0.075, memory: 3133, fam.loss_cls: 0.4388, fam.loss_bbox: 0.5172, odm.loss_cls: 0.5511, odm.loss_bbox: 0.6005, loss: 2.1076, grad_norm: 11.4327
2025-05-12 01:51:35,658 - mmrotate - INFO - Saving checkpoint at 2 epochs
2025-05-12 01:54:37,764 - mmrotate - INFO - 
+--------+------+-------+--------+-------+
| class  | gts  | dets  | recall | ap    |
+--------+------+-------+--------+-------+
| CFCBK  | 580  | 33840 | 0.252  | 0.025 |
| FCBK   | 3820 | 76415 | 0.139  | 0.030 |
| Zigzag | 2152 | 55340 | 0.154  | 0.029 |
+--------+------+-------+--------+-------+
| mAP    |      |       |        | 0.028 |
+--------+------+-------+--------+-------+
2025-05-12 01:54:37,855 - mmrotate - INFO - Exp name: s2anet_r50_fpn_1x_up_le135.py
2025-05-12 01:54:37,856 - mmrotate - INFO - Epoch(val) [2][4936]	mAP: 0.0280
2025-05-12 01:56:08,793 - mmrotate - INFO - Epoch [3][50/116]	lr: 1.770e-03, eta: 1:27:56, time: 1.818, data_time: 0.122, memory: 3133, fam.loss_cls: 0.3762, fam.loss_bbox: 0.4802, odm.loss_cls: 0.4688, odm.loss_bbox: 0.5455, loss: 1.8706, grad_norm: 8.2857
2025-05-12 01:57:39,332 - mmrotate - INFO - Epoch [3][100/116]	lr: 1.937e-03, eta: 1:24:56, time: 1.811, data_time: 0.073, memory: 3133, fam.loss_cls: 0.3697, fam.loss_bbox: 0.4858, odm.loss_cls: 0.4470, odm.loss_bbox: 0.5353, loss: 1.8379, grad_norm: 9.7050
2025-05-12 01:58:09,496 - mmrotate - INFO - Saving checkpoint at 3 epochs
2025-05-12 02:01:11,036 - mmrotate - INFO - 
+--------+------+-------+--------+-------+
| class  | gts  | dets  | recall | ap    |
+--------+------+-------+--------+-------+
| CFCBK  | 580  | 26405 | 0.300  | 0.055 |
| FCBK   | 3820 | 67082 | 0.164  | 0.058 |
| Zigzag | 2152 | 48287 | 0.188  | 0.028 |
+--------+------+-------+--------+-------+
| mAP    |      |       |        | 0.047 |
+--------+------+-------+--------+-------+
2025-05-12 02:01:11,130 - mmrotate - INFO - Exp name: s2anet_r50_fpn_1x_up_le135.py
2025-05-12 02:01:11,130 - mmrotate - INFO - Epoch(val) [3][4936]	mAP: 0.0469
2025-05-12 02:02:48,849 - mmrotate - INFO - Epoch [4][50/116]	lr: 2.157e-03, eta: 1:19:16, time: 1.954, data_time: 0.133, memory: 3133, fam.loss_cls: 0.3593, fam.loss_bbox: 0.4635, odm.loss_cls: 0.4198, odm.loss_bbox: 0.4956, loss: 1.7382, grad_norm: 7.3374
2025-05-12 02:04:21,293 - mmrotate - INFO - Epoch [4][100/116]	lr: 2.323e-03, eta: 1:17:27, time: 1.849, data_time: 0.076, memory: 3133, fam.loss_cls: 0.3499, fam.loss_bbox: 0.4377, odm.loss_cls: 0.3975, odm.loss_bbox: 0.4594, loss: 1.6445, grad_norm: 7.7201
2025-05-12 02:04:50,352 - mmrotate - INFO - Saving checkpoint at 4 epochs
2025-05-12 02:07:53,660 - mmrotate - INFO - 
+--------+------+--------+--------+-------+
| class  | gts  | dets   | recall | ap    |
+--------+------+--------+--------+-------+
| CFCBK  | 580  | 51523  | 0.457  | 0.142 |
| FCBK   | 3820 | 118776 | 0.179  | 0.028 |
| Zigzag | 2152 | 79670  | 0.228  | 0.037 |
+--------+------+--------+--------+-------+
| mAP    |      |        |        | 0.069 |
+--------+------+--------+--------+-------+
2025-05-12 02:07:53,755 - mmrotate - INFO - Exp name: s2anet_r50_fpn_1x_up_le135.py
2025-05-12 02:07:53,756 - mmrotate - INFO - Epoch(val) [4][4936]	mAP: 0.0689
2025-05-12 02:09:27,616 - mmrotate - INFO - Epoch [5][50/116]	lr: 2.500e-03, eta: 1:12:57, time: 1.877, data_time: 0.125, memory: 3133, fam.loss_cls: 0.3316, fam.loss_bbox: 0.4037, odm.loss_cls: 0.3614, odm.loss_bbox: 0.4183, loss: 1.5151, grad_norm: 5.3553
2025-05-12 02:10:58,680 - mmrotate - INFO - Epoch [5][100/116]	lr: 2.500e-03, eta: 1:11:22, time: 1.821, data_time: 0.071, memory: 3133, fam.loss_cls: 0.3272, fam.loss_bbox: 0.3916, odm.loss_cls: 0.3462, odm.loss_bbox: 0.4065, loss: 1.4715, grad_norm: 6.9150
2025-05-12 02:11:27,032 - mmrotate - INFO - Saving checkpoint at 5 epochs
2025-05-12 02:14:29,255 - mmrotate - INFO - 
+--------+------+-------+--------+-------+
| class  | gts  | dets  | recall | ap    |
+--------+------+-------+--------+-------+
| CFCBK  | 580  | 13769 | 0.491  | 0.296 |
| FCBK   | 3820 | 81366 | 0.316  | 0.097 |
| Zigzag | 2152 | 47265 | 0.369  | 0.103 |
+--------+------+-------+--------+-------+
| mAP    |      |       |        | 0.165 |
+--------+------+-------+--------+-------+
2025-05-12 02:14:29,352 - mmrotate - INFO - Exp name: s2anet_r50_fpn_1x_up_le135.py
2025-05-12 02:14:29,352 - mmrotate - INFO - Epoch(val) [5][4936]	mAP: 0.1653
2025-05-12 02:16:02,755 - mmrotate - INFO - Epoch [6][50/116]	lr: 2.500e-03, eta: 1:07:42, time: 1.868, data_time: 0.125, memory: 3133, fam.loss_cls: 0.3215, fam.loss_bbox: 0.3884, odm.loss_cls: 0.3321, odm.loss_bbox: 0.3981, loss: 1.4401, grad_norm: 7.7767
2025-05-12 02:17:31,388 - mmrotate - INFO - Epoch [6][100/116]	lr: 2.500e-03, eta: 1:06:09, time: 1.773, data_time: 0.073, memory: 3133, fam.loss_cls: 0.3192, fam.loss_bbox: 0.3654, odm.loss_cls: 0.3196, odm.loss_bbox: 0.3777, loss: 1.3818, grad_norm: 5.7460
2025-05-12 02:18:04,468 - mmrotate - INFO - Saving checkpoint at 6 epochs
2025-05-12 02:21:06,474 - mmrotate - INFO - 
+--------+------+--------+--------+-------+
| class  | gts  | dets   | recall | ap    |
+--------+------+--------+--------+-------+
| CFCBK  | 580  | 26880  | 0.364  | 0.140 |
| FCBK   | 3820 | 109988 | 0.265  | 0.063 |
| Zigzag | 2152 | 70108  | 0.333  | 0.083 |
+--------+------+--------+--------+-------+
| mAP    |      |        |        | 0.095 |
+--------+------+--------+--------+-------+
2025-05-12 02:21:06,572 - mmrotate - INFO - Exp name: s2anet_r50_fpn_1x_up_le135.py
2025-05-12 02:21:06,573 - mmrotate - INFO - Epoch(val) [6][4936]	mAP: 0.0951
2025-05-12 02:22:44,640 - mmrotate - INFO - Epoch [7][50/116]	lr: 2.500e-03, eta: 1:03:14, time: 1.961, data_time: 0.131, memory: 3133, fam.loss_cls: 0.3062, fam.loss_bbox: 0.3423, odm.loss_cls: 0.2986, odm.loss_bbox: 0.3608, loss: 1.3079, grad_norm: 4.5792
2025-05-12 02:24:20,770 - mmrotate - INFO - Epoch [7][100/116]	lr: 2.500e-03, eta: 1:02:07, time: 1.923, data_time: 0.078, memory: 3133, fam.loss_cls: 0.3048, fam.loss_bbox: 0.3446, odm.loss_cls: 0.2840, odm.loss_bbox: 0.3533, loss: 1.2868, grad_norm: 4.7119
2025-05-12 02:24:52,418 - mmrotate - INFO - Saving checkpoint at 7 epochs
2025-05-12 02:27:55,217 - mmrotate - INFO - 
+--------+------+-------+--------+-------+
| class  | gts  | dets  | recall | ap    |
+--------+------+-------+--------+-------+
| CFCBK  | 580  | 18125 | 0.557  | 0.338 |
| FCBK   | 3820 | 70484 | 0.293  | 0.068 |
| Zigzag | 2152 | 47702 | 0.353  | 0.079 |
+--------+------+-------+--------+-------+
| mAP    |      |       |        | 0.162 |
+--------+------+-------+--------+-------+
2025-05-12 02:27:55,317 - mmrotate - INFO - Exp name: s2anet_r50_fpn_1x_up_le135.py
2025-05-12 02:27:55,317 - mmrotate - INFO - Epoch(val) [7][4936]	mAP: 0.1618
2025-05-12 02:29:32,443 - mmrotate - INFO - Epoch [8][50/116]	lr: 2.500e-03, eta: 0:59:23, time: 1.942, data_time: 0.127, memory: 3133, fam.loss_cls: 0.2993, fam.loss_bbox: 0.3291, odm.loss_cls: 0.2769, odm.loss_bbox: 0.3448, loss: 1.2502, grad_norm: 4.5967
2025-05-12 02:31:04,295 - mmrotate - INFO - Epoch [8][100/116]	lr: 2.500e-03, eta: 0:58:05, time: 1.837, data_time: 0.076, memory: 3133, fam.loss_cls: 0.2999, fam.loss_bbox: 0.3322, odm.loss_cls: 0.2671, odm.loss_bbox: 0.3400, loss: 1.2392, grad_norm: 4.3204
2025-05-12 02:31:33,687 - mmrotate - INFO - Saving checkpoint at 8 epochs
2025-05-12 02:34:36,875 - mmrotate - INFO - 
+--------+------+-------+--------+-------+
| class  | gts  | dets  | recall | ap    |
+--------+------+-------+--------+-------+
| CFCBK  | 580  | 13295 | 0.572  | 0.364 |
| FCBK   | 3820 | 77545 | 0.366  | 0.123 |
| Zigzag | 2152 | 48498 | 0.453  | 0.143 |
+--------+------+-------+--------+-------+
| mAP    |      |       |        | 0.210 |
+--------+------+-------+--------+-------+
2025-05-12 02:34:36,981 - mmrotate - INFO - Exp name: s2anet_r50_fpn_1x_up_le135.py
2025-05-12 02:34:36,981 - mmrotate - INFO - Epoch(val) [8][4936]	mAP: 0.2101
2025-05-12 02:36:13,297 - mmrotate - INFO - Epoch [9][50/116]	lr: 2.500e-04, eta: 0:55:31, time: 1.926, data_time: 0.124, memory: 3133, fam.loss_cls: 0.2926, fam.loss_bbox: 0.3061, odm.loss_cls: 0.2572, odm.loss_bbox: 0.3183, loss: 1.1742, grad_norm: 2.8235
2025-05-12 02:37:45,543 - mmrotate - INFO - Epoch [9][100/116]	lr: 2.500e-04, eta: 0:54:15, time: 1.845, data_time: 0.073, memory: 3133, fam.loss_cls: 0.2914, fam.loss_bbox: 0.3056, odm.loss_cls: 0.2523, odm.loss_bbox: 0.3183, loss: 1.1676, grad_norm: 2.4916
2025-05-12 02:38:14,822 - mmrotate - INFO - Saving checkpoint at 9 epochs
2025-05-12 02:41:19,161 - mmrotate - INFO - 
+--------+------+-------+--------+-------+
| class  | gts  | dets  | recall | ap    |
+--------+------+-------+--------+-------+
| CFCBK  | 580  | 17917 | 0.559  | 0.362 |
| FCBK   | 3820 | 78926 | 0.380  | 0.158 |
| Zigzag | 2152 | 48776 | 0.437  | 0.185 |
+--------+------+-------+--------+-------+
| mAP    |      |       |        | 0.235 |
+--------+------+-------+--------+-------+
2025-05-12 02:41:19,243 - mmrotate - INFO - Exp name: s2anet_r50_fpn_1x_up_le135.py
2025-05-12 02:41:19,243 - mmrotate - INFO - Epoch(val) [9][4936]	mAP: 0.2349
2025-05-12 02:42:52,647 - mmrotate - INFO - Epoch [10][50/116]	lr: 2.500e-04, eta: 0:51:45, time: 1.868, data_time: 0.120, memory: 3133, fam.loss_cls: 0.2891, fam.loss_bbox: 0.2993, odm.loss_cls: 0.2507, odm.loss_bbox: 0.3132, loss: 1.1522, grad_norm: 2.5265
2025-05-12 02:44:18,056 - mmrotate - INFO - Epoch [10][100/116]	lr: 2.500e-04, eta: 0:50:18, time: 1.708, data_time: 0.070, memory: 3133, fam.loss_cls: 0.2925, fam.loss_bbox: 0.3009, odm.loss_cls: 0.2539, odm.loss_bbox: 0.3146, loss: 1.1619, grad_norm: 2.7375
2025-05-12 02:44:50,568 - mmrotate - INFO - Saving checkpoint at 10 epochs
2025-05-12 02:47:52,639 - mmrotate - INFO - 
+--------+------+-------+--------+-------+
| class  | gts  | dets  | recall | ap    |
+--------+------+-------+--------+-------+
| CFCBK  | 580  | 18299 | 0.545  | 0.349 |
| FCBK   | 3820 | 81889 | 0.380  | 0.154 |
| Zigzag | 2152 | 46418 | 0.437  | 0.187 |
+--------+------+-------+--------+-------+
| mAP    |      |       |        | 0.230 |
+--------+------+-------+--------+-------+
2025-05-12 02:47:52,718 - mmrotate - INFO - Exp name: s2anet_r50_fpn_1x_up_le135.py
2025-05-12 02:47:52,718 - mmrotate - INFO - Epoch(val) [10][4936]	mAP: 0.2301
2025-05-12 02:49:29,208 - mmrotate - INFO - Epoch [11][50/116]	lr: 2.500e-04, eta: 0:48:01, time: 1.930, data_time: 0.124, memory: 3133, fam.loss_cls: 0.2920, fam.loss_bbox: 0.2961, odm.loss_cls: 0.2508, odm.loss_bbox: 0.3108, loss: 1.1497, grad_norm: 2.7525
2025-05-12 02:51:01,943 - mmrotate - INFO - Epoch [11][100/116]	lr: 2.500e-04, eta: 0:46:45, time: 1.855, data_time: 0.075, memory: 3133, fam.loss_cls: 0.2901, fam.loss_bbox: 0.2957, odm.loss_cls: 0.2492, odm.loss_bbox: 0.3115, loss: 1.1466, grad_norm: 2.5977
2025-05-12 02:51:32,201 - mmrotate - INFO - Saving checkpoint at 11 epochs
2025-05-12 02:54:31,630 - mmrotate - INFO - 
+--------+------+-------+--------+-------+
| class  | gts  | dets  | recall | ap    |
+--------+------+-------+--------+-------+
| CFCBK  | 580  | 16484 | 0.552  | 0.351 |
| FCBK   | 3820 | 75214 | 0.386  | 0.169 |
| Zigzag | 2152 | 42174 | 0.452  | 0.192 |
+--------+------+-------+--------+-------+
| mAP    |      |       |        | 0.237 |
+--------+------+-------+--------+-------+
2025-05-12 02:54:31,717 - mmrotate - INFO - Exp name: s2anet_r50_fpn_1x_up_le135.py
2025-05-12 02:54:31,718 - mmrotate - INFO - Epoch(val) [11][4936]	mAP: 0.2375
2025-05-12 02:56:05,284 - mmrotate - INFO - Epoch [12][50/116]	lr: 2.500e-05, eta: 0:44:29, time: 1.871, data_time: 0.122, memory: 3133, fam.loss_cls: 0.2891, fam.loss_bbox: 0.2952, odm.loss_cls: 0.2488, odm.loss_bbox: 0.3116, loss: 1.1447, grad_norm: 2.5448
2025-05-12 02:57:36,642 - mmrotate - INFO - Epoch [12][100/116]	lr: 2.500e-05, eta: 0:43:12, time: 1.827, data_time: 0.074, memory: 3133, fam.loss_cls: 0.2890, fam.loss_bbox: 0.2927, odm.loss_cls: 0.2481, odm.loss_bbox: 0.3066, loss: 1.1364, grad_norm: 2.4791
2025-05-12 02:58:07,999 - mmrotate - INFO - Saving checkpoint at 12 epochs
2025-05-12 03:01:06,982 - mmrotate - INFO - 
+--------+------+-------+--------+-------+
| class  | gts  | dets  | recall | ap    |
+--------+------+-------+--------+-------+
| CFCBK  | 580  | 17706 | 0.557  | 0.355 |
| FCBK   | 3820 | 77775 | 0.382  | 0.164 |
| Zigzag | 2152 | 46161 | 0.448  | 0.191 |
+--------+------+-------+--------+-------+
| mAP    |      |       |        | 0.237 |
+--------+------+-------+--------+-------+
2025-05-12 03:01:07,060 - mmrotate - INFO - Exp name: s2anet_r50_fpn_1x_up_le135.py
2025-05-12 03:01:07,060 - mmrotate - INFO - Epoch(val) [12][4936]	mAP: 0.2365
2025-05-12 03:02:41,738 - mmrotate - INFO - Epoch [13][50/116]	lr: 2.500e-05, eta: 0:41:02, time: 1.893, data_time: 0.126, memory: 3133, fam.loss_cls: 0.2858, fam.loss_bbox: 0.2923, odm.loss_cls: 0.2484, odm.loss_bbox: 0.3112, loss: 1.1377, grad_norm: 2.5526
2025-05-12 03:04:12,352 - mmrotate - INFO - Epoch [13][100/116]	lr: 2.500e-05, eta: 0:39:43, time: 1.812, data_time: 0.069, memory: 3133, fam.loss_cls: 0.2914, fam.loss_bbox: 0.2955, odm.loss_cls: 0.2484, odm.loss_bbox: 0.3111, loss: 1.1464, grad_norm: 2.5095
2025-05-12 03:04:41,117 - mmrotate - INFO - Saving checkpoint at 13 epochs
2025-05-12 03:07:40,917 - mmrotate - INFO - 
+--------+------+-------+--------+-------+
| class  | gts  | dets  | recall | ap    |
+--------+------+-------+--------+-------+
| CFCBK  | 580  | 17367 | 0.552  | 0.349 |
| FCBK   | 3820 | 78522 | 0.379  | 0.157 |
| Zigzag | 2152 | 46521 | 0.441  | 0.188 |
+--------+------+-------+--------+-------+
| mAP    |      |       |        | 0.231 |
+--------+------+-------+--------+-------+
2025-05-12 03:07:41,003 - mmrotate - INFO - Exp name: s2anet_r50_fpn_1x_up_le135.py
2025-05-12 03:07:41,004 - mmrotate - INFO - Epoch(val) [13][4936]	mAP: 0.2314
2025-05-12 03:09:15,282 - mmrotate - INFO - Epoch [14][50/116]	lr: 2.500e-05, eta: 0:37:36, time: 1.885, data_time: 0.122, memory: 3133, fam.loss_cls: 0.2884, fam.loss_bbox: 0.2935, odm.loss_cls: 0.2479, odm.loss_bbox: 0.3122, loss: 1.1420, grad_norm: 2.4758
2025-05-12 03:10:44,726 - mmrotate - INFO - Epoch [14][100/116]	lr: 2.500e-05, eta: 0:36:17, time: 1.789, data_time: 0.070, memory: 3133, fam.loss_cls: 0.2920, fam.loss_bbox: 0.3004, odm.loss_cls: 0.2495, odm.loss_bbox: 0.3118, loss: 1.1537, grad_norm: 2.5478
2025-05-12 03:11:12,875 - mmrotate - INFO - Saving checkpoint at 14 epochs
2025-05-12 03:14:13,385 - mmrotate - INFO - 
+--------+------+-------+--------+-------+
| class  | gts  | dets  | recall | ap    |
+--------+------+-------+--------+-------+
| CFCBK  | 580  | 17103 | 0.555  | 0.351 |
| FCBK   | 3820 | 78352 | 0.381  | 0.158 |
| Zigzag | 2152 | 46587 | 0.446  | 0.190 |
+--------+------+-------+--------+-------+
| mAP    |      |       |        | 0.233 |
+--------+------+-------+--------+-------+
2025-05-12 03:14:13,460 - mmrotate - INFO - Exp name: s2anet_r50_fpn_1x_up_le135.py
2025-05-12 03:14:13,460 - mmrotate - INFO - Epoch(val) [14][4936]	mAP: 0.2329
2025-05-12 03:15:47,830 - mmrotate - INFO - Epoch [15][50/116]	lr: 2.500e-05, eta: 0:34:13, time: 1.887, data_time: 0.122, memory: 3133, fam.loss_cls: 0.2903, fam.loss_bbox: 0.2924, odm.loss_cls: 0.2468, odm.loss_bbox: 0.3071, loss: 1.1366, grad_norm: 2.4996
2025-05-12 03:17:20,807 - mmrotate - INFO - Epoch [15][100/116]	lr: 2.500e-05, eta: 0:32:56, time: 1.860, data_time: 0.074, memory: 3133, fam.loss_cls: 0.2892, fam.loss_bbox: 0.2979, odm.loss_cls: 0.2476, odm.loss_bbox: 0.3113, loss: 1.1461, grad_norm: 2.4508
2025-05-12 03:17:51,937 - mmrotate - INFO - Saving checkpoint at 15 epochs
2025-05-12 03:20:53,430 - mmrotate - INFO - 
+--------+------+-------+--------+-------+
| class  | gts  | dets  | recall | ap    |
+--------+------+-------+--------+-------+
| CFCBK  | 580  | 17359 | 0.548  | 0.345 |
| FCBK   | 3820 | 78234 | 0.381  | 0.162 |
| Zigzag | 2152 | 45956 | 0.448  | 0.191 |
+--------+------+-------+--------+-------+
| mAP    |      |       |        | 0.233 |
+--------+------+-------+--------+-------+
2025-05-12 03:20:53,524 - mmrotate - INFO - Exp name: s2anet_r50_fpn_1x_up_le135.py
2025-05-12 03:20:53,525 - mmrotate - INFO - Epoch(val) [15][4936]	mAP: 0.2328
2025-05-12 03:22:27,784 - mmrotate - INFO - Epoch [16][50/116]	lr: 2.500e-05, eta: 0:30:54, time: 1.885, data_time: 0.120, memory: 3133, fam.loss_cls: 0.2895, fam.loss_bbox: 0.2963, odm.loss_cls: 0.2467, odm.loss_bbox: 0.3123, loss: 1.1449, grad_norm: 2.4719
2025-05-12 03:23:58,483 - mmrotate - INFO - Epoch [16][100/116]	lr: 2.500e-05, eta: 0:29:35, time: 1.814, data_time: 0.065, memory: 3133, fam.loss_cls: 0.2894, fam.loss_bbox: 0.2965, odm.loss_cls: 0.2481, odm.loss_bbox: 0.3080, loss: 1.1419, grad_norm: 2.4991
2025-05-12 03:24:26,788 - mmrotate - INFO - Saving checkpoint at 16 epochs
2025-05-12 03:27:24,430 - mmrotate - INFO - 
+--------+------+-------+--------+-------+
| class  | gts  | dets  | recall | ap    |
+--------+------+-------+--------+-------+
| CFCBK  | 580  | 17451 | 0.557  | 0.350 |
| FCBK   | 3820 | 77367 | 0.382  | 0.164 |
| Zigzag | 2152 | 46244 | 0.451  | 0.193 |
+--------+------+-------+--------+-------+
| mAP    |      |       |        | 0.235 |
+--------+------+-------+--------+-------+
2025-05-12 03:27:24,530 - mmrotate - INFO - Exp name: s2anet_r50_fpn_1x_up_le135.py
2025-05-12 03:27:24,531 - mmrotate - INFO - Epoch(val) [16][4936]	mAP: 0.2354
2025-05-12 03:28:57,018 - mmrotate - INFO - Epoch [17][50/116]	lr: 2.500e-05, eta: 0:27:35, time: 1.849, data_time: 0.126, memory: 3133, fam.loss_cls: 0.2898, fam.loss_bbox: 0.2964, odm.loss_cls: 0.2480, odm.loss_bbox: 0.3128, loss: 1.1470, grad_norm: 2.4794
2025-05-12 03:30:27,192 - mmrotate - INFO - Epoch [17][100/116]	lr: 2.500e-05, eta: 0:26:15, time: 1.803, data_time: 0.070, memory: 3133, fam.loss_cls: 0.2902, fam.loss_bbox: 0.2927, odm.loss_cls: 0.2494, odm.loss_bbox: 0.3103, loss: 1.1425, grad_norm: 2.4893
2025-05-12 03:30:55,778 - mmrotate - INFO - Saving checkpoint at 17 epochs
2025-05-12 03:33:54,535 - mmrotate - INFO - 
+--------+------+-------+--------+-------+
| class  | gts  | dets  | recall | ap    |
+--------+------+-------+--------+-------+
| CFCBK  | 580  | 17190 | 0.550  | 0.350 |
| FCBK   | 3820 | 78086 | 0.376  | 0.157 |
| Zigzag | 2152 | 45975 | 0.445  | 0.190 |
+--------+------+-------+--------+-------+
| mAP    |      |       |        | 0.232 |
+--------+------+-------+--------+-------+
2025-05-12 03:33:54,623 - mmrotate - INFO - Exp name: s2anet_r50_fpn_1x_up_le135.py
2025-05-12 03:33:54,623 - mmrotate - INFO - Epoch(val) [17][4936]	mAP: 0.2325
2025-05-12 03:35:30,241 - mmrotate - INFO - Epoch [18][50/116]	lr: 2.500e-05, eta: 0:24:19, time: 1.912, data_time: 0.127, memory: 3133, fam.loss_cls: 0.2910, fam.loss_bbox: 0.2964, odm.loss_cls: 0.2472, odm.loss_bbox: 0.3106, loss: 1.1452, grad_norm: 2.5206
2025-05-12 03:37:02,470 - mmrotate - INFO - Epoch [18][100/116]	lr: 2.500e-05, eta: 0:22:59, time: 1.845, data_time: 0.074, memory: 3133, fam.loss_cls: 0.2885, fam.loss_bbox: 0.2967, odm.loss_cls: 0.2472, odm.loss_bbox: 0.3103, loss: 1.1426, grad_norm: 2.4218
2025-05-12 03:37:31,258 - mmrotate - INFO - Saving checkpoint at 18 epochs
2025-05-12 03:40:33,442 - mmrotate - INFO - 
+--------+------+-------+--------+-------+
| class  | gts  | dets  | recall | ap    |
+--------+------+-------+--------+-------+
| CFCBK  | 580  | 17820 | 0.559  | 0.352 |
| FCBK   | 3820 | 77475 | 0.379  | 0.158 |
| Zigzag | 2152 | 45562 | 0.449  | 0.192 |
+--------+------+-------+--------+-------+
| mAP    |      |       |        | 0.234 |
+--------+------+-------+--------+-------+
2025-05-12 03:40:33,546 - mmrotate - INFO - Exp name: s2anet_r50_fpn_1x_up_le135.py
2025-05-12 03:40:33,547 - mmrotate - INFO - Epoch(val) [18][4936]	mAP: 0.2338
2025-05-12 03:42:22,475 - mmrotate - INFO - Epoch [19][50/116]	lr: 2.500e-05, eta: 0:21:09, time: 2.178, data_time: 0.126, memory: 3133, fam.loss_cls: 0.2891, fam.loss_bbox: 0.2948, odm.loss_cls: 0.2499, odm.loss_bbox: 0.3119, loss: 1.1456, grad_norm: 2.4718
2025-05-12 03:44:33,364 - mmrotate - INFO - Epoch [19][100/116]	lr: 2.500e-05, eta: 0:20:01, time: 2.618, data_time: 0.073, memory: 3133, fam.loss_cls: 0.2865, fam.loss_bbox: 0.2944, odm.loss_cls: 0.2446, odm.loss_bbox: 0.3073, loss: 1.1327, grad_norm: 2.5391
2025-05-12 03:45:14,019 - mmrotate - INFO - Saving checkpoint at 19 epochs
2025-05-12 03:49:12,048 - mmrotate - INFO - 
+--------+------+-------+--------+-------+
| class  | gts  | dets  | recall | ap    |
+--------+------+-------+--------+-------+
| CFCBK  | 580  | 17459 | 0.557  | 0.354 |
| FCBK   | 3820 | 77463 | 0.382  | 0.159 |
| Zigzag | 2152 | 45413 | 0.451  | 0.194 |
+--------+------+-------+--------+-------+
| mAP    |      |       |        | 0.236 |
+--------+------+-------+--------+-------+
2025-05-12 03:49:12,128 - mmrotate - INFO - Exp name: s2anet_r50_fpn_1x_up_le135.py
2025-05-12 03:49:12,128 - mmrotate - INFO - Epoch(val) [19][4936]	mAP: 0.2356
2025-05-12 03:51:33,135 - mmrotate - INFO - Epoch [20][50/116]	lr: 2.500e-05, eta: 0:18:18, time: 2.820, data_time: 0.122, memory: 3133, fam.loss_cls: 0.2890, fam.loss_bbox: 0.2960, odm.loss_cls: 0.2488, odm.loss_bbox: 0.3098, loss: 1.1437, grad_norm: 2.5501
2025-05-12 03:53:51,186 - mmrotate - INFO - Epoch [20][100/116]	lr: 2.500e-05, eta: 0:17:07, time: 2.761, data_time: 0.067, memory: 3133, fam.loss_cls: 0.2890, fam.loss_bbox: 0.2952, odm.loss_cls: 0.2459, odm.loss_bbox: 0.3098, loss: 1.1398, grad_norm: 2.4760
2025-05-12 03:54:34,153 - mmrotate - INFO - Saving checkpoint at 20 epochs
2025-05-12 03:58:35,153 - mmrotate - INFO - 
+--------+------+-------+--------+-------+
| class  | gts  | dets  | recall | ap    |
+--------+------+-------+--------+-------+
| CFCBK  | 580  | 17439 | 0.555  | 0.355 |
| FCBK   | 3820 | 77084 | 0.383  | 0.164 |
| Zigzag | 2152 | 45232 | 0.450  | 0.193 |
+--------+------+-------+--------+-------+
| mAP    |      |       |        | 0.237 |
+--------+------+-------+--------+-------+
2025-05-12 03:58:35,247 - mmrotate - INFO - Exp name: s2anet_r50_fpn_1x_up_le135.py
2025-05-12 03:58:35,248 - mmrotate - INFO - Epoch(val) [20][4936]	mAP: 0.2372
2025-05-12 04:00:56,840 - mmrotate - INFO - Epoch [21][50/116]	lr: 2.500e-05, eta: 0:15:19, time: 2.832, data_time: 0.122, memory: 3133, fam.loss_cls: 0.2912, fam.loss_bbox: 0.2975, odm.loss_cls: 0.2486, odm.loss_bbox: 0.3106, loss: 1.1478, grad_norm: 2.5279
2025-05-12 04:03:33,108 - mmrotate - INFO - Epoch [21][100/116]	lr: 2.500e-05, eta: 0:14:06, time: 3.125, data_time: 0.069, memory: 3133, fam.loss_cls: 0.2883, fam.loss_bbox: 0.2938, odm.loss_cls: 0.2463, odm.loss_bbox: 0.3087, loss: 1.1372, grad_norm: 2.5235
2025-05-12 04:04:24,864 - mmrotate - INFO - Saving checkpoint at 21 epochs
2025-05-12 04:08:52,944 - mmrotate - INFO - 
+--------+------+-------+--------+-------+
| class  | gts  | dets  | recall | ap    |
+--------+------+-------+--------+-------+
| CFCBK  | 580  | 17580 | 0.559  | 0.352 |
| FCBK   | 3820 | 77961 | 0.382  | 0.159 |
| Zigzag | 2152 | 45535 | 0.452  | 0.193 |
+--------+------+-------+--------+-------+
| mAP    |      |       |        | 0.235 |
+--------+------+-------+--------+-------+
2025-05-12 04:08:53,014 - mmrotate - INFO - Exp name: s2anet_r50_fpn_1x_up_le135.py
2025-05-12 04:08:53,014 - mmrotate - INFO - Epoch(val) [21][4936]	mAP: 0.2348
2025-05-12 04:11:34,945 - mmrotate - INFO - Epoch [22][50/116]	lr: 2.500e-05, eta: 0:12:17, time: 3.238, data_time: 0.124, memory: 3133, fam.loss_cls: 0.2870, fam.loss_bbox: 0.2964, odm.loss_cls: 0.2486, odm.loss_bbox: 0.3101, loss: 1.1422, grad_norm: 2.4984
2025-05-12 04:14:12,732 - mmrotate - INFO - Epoch [22][100/116]	lr: 2.500e-05, eta: 0:10:58, time: 3.156, data_time: 0.070, memory: 3133, fam.loss_cls: 0.2894, fam.loss_bbox: 0.2902, odm.loss_cls: 0.2453, odm.loss_bbox: 0.3078, loss: 1.1326, grad_norm: 2.5278
2025-05-12 04:15:02,102 - mmrotate - INFO - Saving checkpoint at 22 epochs
2025-05-12 04:19:32,367 - mmrotate - INFO - 
+--------+------+-------+--------+-------+
| class  | gts  | dets  | recall | ap    |
+--------+------+-------+--------+-------+
| CFCBK  | 580  | 17392 | 0.553  | 0.348 |
| FCBK   | 3820 | 76396 | 0.382  | 0.164 |
| Zigzag | 2152 | 45014 | 0.451  | 0.192 |
+--------+------+-------+--------+-------+
| mAP    |      |       |        | 0.234 |
+--------+------+-------+--------+-------+
2025-05-12 04:19:32,458 - mmrotate - INFO - Exp name: s2anet_r50_fpn_1x_up_le135.py
2025-05-12 04:19:32,459 - mmrotate - INFO - Epoch(val) [22][4936]	mAP: 0.2344
2025-05-12 04:22:13,110 - mmrotate - INFO - Epoch [23][50/116]	lr: 2.500e-05, eta: 0:09:03, time: 3.213, data_time: 0.124, memory: 3133, fam.loss_cls: 0.2928, fam.loss_bbox: 0.2972, odm.loss_cls: 0.2462, odm.loss_bbox: 0.3073, loss: 1.1435, grad_norm: 2.4335
2025-05-12 04:24:57,107 - mmrotate - INFO - Epoch [23][100/116]	lr: 2.500e-05, eta: 0:07:39, time: 3.280, data_time: 0.073, memory: 3133, fam.loss_cls: 0.2876, fam.loss_bbox: 0.2979, odm.loss_cls: 0.2480, odm.loss_bbox: 0.3136, loss: 1.1470, grad_norm: 2.5939
2025-05-12 04:25:50,378 - mmrotate - INFO - Saving checkpoint at 23 epochs
2025-05-12 04:30:29,916 - mmrotate - INFO - 
+--------+------+-------+--------+-------+
| class  | gts  | dets  | recall | ap    |
+--------+------+-------+--------+-------+
| CFCBK  | 580  | 18398 | 0.553  | 0.348 |
| FCBK   | 3820 | 76883 | 0.378  | 0.162 |
| Zigzag | 2152 | 45594 | 0.446  | 0.190 |
+--------+------+-------+--------+-------+
| mAP    |      |       |        | 0.233 |
+--------+------+-------+--------+-------+
2025-05-12 04:30:30,001 - mmrotate - INFO - Exp name: s2anet_r50_fpn_1x_up_le135.py
2025-05-12 04:30:30,001 - mmrotate - INFO - Epoch(val) [23][4936]	mAP: 0.2333
2025-05-12 04:33:17,496 - mmrotate - INFO - Epoch [24][50/116]	lr: 2.500e-05, eta: 0:05:40, time: 3.350, data_time: 0.133, memory: 3133, fam.loss_cls: 0.2898, fam.loss_bbox: 0.2944, odm.loss_cls: 0.2450, odm.loss_bbox: 0.3092, loss: 1.1383, grad_norm: 2.4968
2025-05-12 04:36:01,146 - mmrotate - INFO - Epoch [24][100/116]	lr: 2.500e-05, eta: 0:04:10, time: 3.273, data_time: 0.074, memory: 3133, fam.loss_cls: 0.2874, fam.loss_bbox: 0.2909, odm.loss_cls: 0.2479, odm.loss_bbox: 0.3120, loss: 1.1381, grad_norm: 2.4849
2025-05-12 04:36:54,822 - mmrotate - INFO - Saving checkpoint at 24 epochs
2025-05-12 04:41:26,886 - mmrotate - INFO - 
+--------+------+-------+--------+-------+
| class  | gts  | dets  | recall | ap    |
+--------+------+-------+--------+-------+
| CFCBK  | 580  | 18058 | 0.552  | 0.349 |
| FCBK   | 3820 | 77775 | 0.379  | 0.161 |
| Zigzag | 2152 | 45985 | 0.446  | 0.190 |
+--------+------+-------+--------+-------+
| mAP    |      |       |        | 0.233 |
+--------+------+-------+--------+-------+
2025-05-12 04:41:26,971 - mmrotate - INFO - Exp name: s2anet_r50_fpn_1x_up_le135.py
2025-05-12 04:41:26,971 - mmrotate - INFO - Epoch(val) [24][4936]	mAP: 0.2332
2025-05-12 04:44:08,592 - mmrotate - INFO - Epoch [25][50/116]	lr: 2.500e-05, eta: 0:02:05, time: 3.232, data_time: 0.122, memory: 3133, fam.loss_cls: 0.2888, fam.loss_bbox: 0.2926, odm.loss_cls: 0.2477, odm.loss_bbox: 0.3084, loss: 1.1374, grad_norm: 2.4609
2025-05-12 04:46:49,304 - mmrotate - INFO - Epoch [25][100/116]	lr: 2.500e-05, eta: 0:00:30, time: 3.214, data_time: 0.069, memory: 3133, fam.loss_cls: 0.2907, fam.loss_bbox: 0.2928, odm.loss_cls: 0.2455, odm.loss_bbox: 0.3076, loss: 1.1366, grad_norm: 2.4680
2025-05-12 04:47:38,200 - mmrotate - INFO - Saving checkpoint at 25 epochs
2025-05-12 04:52:44,522 - mmrotate - INFO - 
+--------+------+-------+--------+-------+
| class  | gts  | dets  | recall | ap    |
+--------+------+-------+--------+-------+
| CFCBK  | 580  | 18300 | 0.559  | 0.354 |
| FCBK   | 3820 | 77031 | 0.376  | 0.161 |
| Zigzag | 2152 | 46031 | 0.445  | 0.190 |
+--------+------+-------+--------+-------+
| mAP    |      |       |        | 0.235 |
+--------+------+-------+--------+-------+
2025-05-12 04:52:44,685 - mmrotate - INFO - Exp name: s2anet_r50_fpn_1x_up_le135.py
2025-05-12 04:52:44,687 - mmrotate - INFO - Epoch(val) [25][4936]	mAP: 0.2351
