2025-05-05 02:15:41,178 - mmrotate - INFO - Environment info:
------------------------------------------------------------
sys.platform: linux
Python: 3.8.20 | packaged by conda-forge | (default, Sep 30 2024, 17:52:49) [GCC 13.3.0]
CUDA available: True
GPU 0: NVIDIA A100-SXM4-80GB
CUDA_HOME: /usr
NVCC: Cuda compilation tools, release 10.1, V10.1.24
GCC: gcc (Ubuntu 9.4.0-1ubuntu1~20.04.2) 9.4.0
PyTorch: 1.9.0+cu111
PyTorch compiling details: PyTorch built with:
  - GCC 7.3
  - C++ Version: 201402
  - Intel(R) Math Kernel Library Version 2020.0.0 Product Build 20191122 for Intel(R) 64 architecture applications
  - Intel(R) MKL-DNN v2.1.2 (Git Hash 98be7e8afa711dc9b66c8ff3504129cb82013cdb)
  - OpenMP 201511 (a.k.a. OpenMP 4.5)
  - NNPACK is enabled
  - CPU capability usage: AVX2
  - CUDA Runtime 11.1
  - NVCC architecture flags: -gencode;arch=compute_37,code=sm_37;-gencode;arch=compute_50,code=sm_50;-gencode;arch=compute_60,code=sm_60;-gencode;arch=compute_70,code=sm_70;-gencode;arch=compute_75,code=sm_75;-gencode;arch=compute_80,code=sm_80;-gencode;arch=compute_86,code=sm_86
  - CuDNN 8.0.5
  - Magma 2.5.2
  - Build settings: BLAS_INFO=mkl, BUILD_TYPE=Release, CUDA_VERSION=11.1, CUDNN_VERSION=8.0.5, CXX_COMPILER=/opt/rh/devtoolset-7/root/usr/bin/c++, CXX_FLAGS= -Wno-deprecated -fvisibility-inlines-hidden -DUSE_PTHREADPOOL -fopenmp -DNDEBUG -DUSE_KINETO -DUSE_FBGEMM -DUSE_QNNPACK -DUSE_PYTORCH_QNNPACK -DUSE_XNNPACK -DSYMBOLICATE_MOBILE_DEBUG_HANDLE -O2 -fPIC -Wno-narrowing -Wall -Wextra -Werror=return-type -Wno-missing-field-initializers -Wno-type-limits -Wno-array-bounds -Wno-unknown-pragmas -Wno-sign-compare -Wno-unused-parameter -Wno-unused-variable -Wno-unused-function -Wno-unused-result -Wno-unused-local-typedefs -Wno-strict-overflow -Wno-strict-aliasing -Wno-error=deprecated-declarations -Wno-stringop-overflow -Wno-psabi -Wno-error=pedantic -Wno-error=redundant-decls -Wno-error=old-style-cast -fdiagnostics-color=always -faligned-new -Wno-unused-but-set-variable -Wno-maybe-uninitialized -fno-math-errno -fno-trapping-math -Werror=format -Wno-stringop-overflow, LAPACK_INFO=mkl, PERF_WITH_AVX=1, PERF_WITH_AVX2=1, PERF_WITH_AVX512=1, TORCH_VERSION=1.9.0, USE_CUDA=ON, USE_CUDNN=ON, USE_EXCEPTION_PTR=1, USE_GFLAGS=OFF, USE_GLOG=OFF, USE_MKL=ON, USE_MKLDNN=ON, USE_MPI=OFF, USE_NCCL=ON, USE_NNPACK=ON, USE_OPENMP=ON, 

TorchVision: 0.10.0+cu111
OpenCV: 4.11.0
MMCV: 1.7.2
MMCV Compiler: GCC 7.3
MMCV CUDA Compiler: 11.1
MMRotate: 0.3.4+b030f38
------------------------------------------------------------

2025-05-05 02:15:41,810 - mmrotate - INFO - Distributed training: True
2025-05-05 02:15:42,353 - mmrotate - INFO - Config:
dataset_type = 'BrickKilnDataset'
data_root = '/home/shardul.junagade/my-work/domain-adaptation-brick-kilns/data/stratified_split/'
img_norm_cfg = dict(
    mean=[123.675, 116.28, 103.53], std=[58.395, 57.12, 57.375], to_rgb=True)
train_pipeline = [
    dict(type='LoadImageFromFile'),
    dict(type='LoadAnnotations', with_bbox=True),
    dict(type='RResize', img_scale=(128, 128)),
    dict(
        type='RRandomFlip',
        flip_ratio=[0.25, 0.25, 0.25],
        direction=['horizontal', 'vertical', 'diagonal'],
        version='le90'),
    dict(
        type='Normalize',
        mean=[123.675, 116.28, 103.53],
        std=[58.395, 57.12, 57.375],
        to_rgb=True),
    dict(type='Pad', size_divisor=32),
    dict(type='DefaultFormatBundle'),
    dict(type='Collect', keys=['img', 'gt_bboxes', 'gt_labels'])
]
test_pipeline = [
    dict(type='LoadImageFromFile'),
    dict(
        type='MultiScaleFlipAug',
        img_scale=(128, 128),
        flip=False,
        transforms=[
            dict(type='RResize'),
            dict(
                type='Normalize',
                mean=[123.675, 116.28, 103.53],
                std=[58.395, 57.12, 57.375],
                to_rgb=True),
            dict(type='Pad', size_divisor=32),
            dict(type='DefaultFormatBundle'),
            dict(type='Collect', keys=['img'])
        ])
]
data = dict(
    samples_per_gpu=128,
    workers_per_gpu=2,
    train=dict(
        type='BrickKilnDataset',
        ann_file=
        '/home/shardul.junagade/my-work/domain-adaptation-brick-kilns/data/stratified_split/train/annfiles/',
        img_prefix=
        '/home/shardul.junagade/my-work/domain-adaptation-brick-kilns/data/stratified_split/train/images/',
        pipeline=[
            dict(type='LoadImageFromFile'),
            dict(type='LoadAnnotations', with_bbox=True),
            dict(type='RResize', img_scale=(128, 128)),
            dict(
                type='RRandomFlip',
                flip_ratio=[0.25, 0.25, 0.25],
                direction=['horizontal', 'vertical', 'diagonal'],
                version='le90'),
            dict(
                type='Normalize',
                mean=[123.675, 116.28, 103.53],
                std=[58.395, 57.12, 57.375],
                to_rgb=True),
            dict(type='Pad', size_divisor=32),
            dict(type='DefaultFormatBundle'),
            dict(type='Collect', keys=['img', 'gt_bboxes', 'gt_labels'])
        ],
        version='le90'),
    val=dict(
        type='BrickKilnDataset',
        ann_file=
        '/home/shardul.junagade/my-work/domain-adaptation-brick-kilns/data/stratified_split/val/annfiles/',
        img_prefix=
        '/home/shardul.junagade/my-work/domain-adaptation-brick-kilns/data/stratified_split/val/images/',
        pipeline=[
            dict(type='LoadImageFromFile'),
            dict(
                type='MultiScaleFlipAug',
                img_scale=(128, 128),
                flip=False,
                transforms=[
                    dict(type='RResize'),
                    dict(
                        type='Normalize',
                        mean=[123.675, 116.28, 103.53],
                        std=[58.395, 57.12, 57.375],
                        to_rgb=True),
                    dict(type='Pad', size_divisor=32),
                    dict(type='DefaultFormatBundle'),
                    dict(type='Collect', keys=['img'])
                ])
        ],
        version='le90'),
    test=dict(
        type='BrickKilnDataset',
        ann_file=
        '/home/shardul.junagade/my-work/domain-adaptation-brick-kilns/data/stratified_split/test/images/',
        img_prefix=
        '/home/shardul.junagade/my-work/domain-adaptation-brick-kilns/data/stratified_split/test/images/',
        pipeline=[
            dict(type='LoadImageFromFile'),
            dict(
                type='MultiScaleFlipAug',
                img_scale=(128, 128),
                flip=False,
                transforms=[
                    dict(type='RResize'),
                    dict(
                        type='Normalize',
                        mean=[123.675, 116.28, 103.53],
                        std=[58.395, 57.12, 57.375],
                        to_rgb=True),
                    dict(type='Pad', size_divisor=32),
                    dict(type='DefaultFormatBundle'),
                    dict(type='Collect', keys=['img'])
                ])
        ],
        version='le90'))
evaluation = dict(interval=1, metric='mAP')
optimizer = dict(type='SGD', lr=0.0025, momentum=0.9, weight_decay=0.0001)
optimizer_config = dict(grad_clip=dict(max_norm=35, norm_type=2))
lr_config = dict(
    policy='step',
    warmup='linear',
    warmup_iters=500,
    warmup_ratio=0.3333333333333333,
    step=[8, 11])
runner = dict(type='EpochBasedRunner', max_epochs=25)
checkpoint_config = dict(interval=1)
log_config = dict(interval=50, hooks=[dict(type='TextLoggerHook')])
dist_params = dict(backend='nccl')
log_level = 'INFO'
load_from = None
resume_from = None
workflow = [('train', 1)]
opencv_num_threads = 0
mp_start_method = 'fork'
angle_version = 'le90'
model = dict(
    type='RotatedRetinaNet',
    backbone=dict(
        type='ResNet',
        depth=50,
        num_stages=4,
        out_indices=(0, 1, 2, 3),
        frozen_stages=1,
        zero_init_residual=False,
        norm_cfg=dict(type='BN', requires_grad=True),
        norm_eval=True,
        style='pytorch',
        init_cfg=dict(type='Pretrained', checkpoint='torchvision://resnet50')),
    neck=dict(
        type='FPN',
        in_channels=[256, 512, 1024, 2048],
        out_channels=256,
        start_level=1,
        add_extra_convs='on_input',
        num_outs=5),
    bbox_head=dict(
        type='RotatedRetinaHead',
        num_classes=3,
        in_channels=256,
        stacked_convs=4,
        feat_channels=256,
        assign_by_circumhbbox=None,
        anchor_generator=dict(
            type='RotatedAnchorGenerator',
            octave_base_scale=4,
            scales_per_octave=3,
            ratios=[1.0, 0.5, 2.0],
            strides=[8, 16, 32, 64, 128]),
        bbox_coder=dict(
            type='DeltaXYWHAOBBoxCoder',
            angle_range='le90',
            norm_factor=None,
            edge_swap=True,
            proj_xy=True,
            target_means=(0.0, 0.0, 0.0, 0.0, 0.0),
            target_stds=(1.0, 1.0, 1.0, 1.0, 1.0)),
        loss_cls=dict(
            type='FocalLoss',
            use_sigmoid=True,
            gamma=2.0,
            alpha=0.25,
            loss_weight=1.0),
        loss_bbox=dict(type='L1Loss', loss_weight=1.0)),
    train_cfg=dict(
        assigner=dict(
            type='MaxIoUAssigner',
            pos_iou_thr=0.5,
            neg_iou_thr=0.4,
            min_pos_iou=0,
            ignore_iof_thr=-1,
            iou_calculator=dict(type='RBboxOverlaps2D')),
        allowed_border=-1,
        pos_weight=-1,
        debug=False),
    test_cfg=dict(
        nms_pre=2000,
        min_bbox_size=0,
        score_thr=0.05,
        nms=dict(iou_thr=0.1),
        max_per_img=2000))
batch_size = 128
num_epochs = 25
work_dir = './work_dirs/rotated_retinanet_obb_r50_fpn_1x_brickkiln_le90'
auto_resume = False
gpu_ids = range(0, 1)

2025-05-05 02:15:42,353 - mmrotate - INFO - Set random seed to 0, deterministic: False
2025-05-05 02:17:13,392 - mmrotate - INFO - Start running, host: shardul.junagade@ramanujan, work_dir: /home/shardul.junagade/my-work/domain-adaptation-brick-kilns/mmrotate/work_dirs/rotated_retinanet_obb_r50_fpn_1x_brickkiln_le90
2025-05-05 02:17:13,393 - mmrotate - INFO - Hooks will be executed in the following order:
before_run:
(VERY_HIGH   ) StepLrUpdaterHook                  
(NORMAL      ) CheckpointHook                     
(LOW         ) DistEvalHook                       
(VERY_LOW    ) TextLoggerHook                     
 -------------------- 
before_train_epoch:
(VERY_HIGH   ) StepLrUpdaterHook                  
(NORMAL      ) DistSamplerSeedHook                
(LOW         ) IterTimerHook                      
(LOW         ) DistEvalHook                       
(VERY_LOW    ) TextLoggerHook                     
 -------------------- 
before_train_iter:
(VERY_HIGH   ) StepLrUpdaterHook                  
(LOW         ) IterTimerHook                      
(LOW         ) DistEvalHook                       
 -------------------- 
after_train_iter:
(ABOVE_NORMAL) OptimizerHook                      
(NORMAL      ) CheckpointHook                     
(LOW         ) IterTimerHook                      
(LOW         ) DistEvalHook                       
(VERY_LOW    ) TextLoggerHook                     
 -------------------- 
after_train_epoch:
(NORMAL      ) CheckpointHook                     
(LOW         ) DistEvalHook                       
(VERY_LOW    ) TextLoggerHook                     
 -------------------- 
before_val_epoch:
(NORMAL      ) DistSamplerSeedHook                
(LOW         ) IterTimerHook                      
(VERY_LOW    ) TextLoggerHook                     
 -------------------- 
before_val_iter:
(LOW         ) IterTimerHook                      
 -------------------- 
after_val_iter:
(LOW         ) IterTimerHook                      
 -------------------- 
after_val_epoch:
(VERY_LOW    ) TextLoggerHook                     
 -------------------- 
after_run:
(VERY_LOW    ) TextLoggerHook                     
 -------------------- 
2025-05-05 02:17:13,393 - mmrotate - INFO - workflow: [('train', 1)], max: 25 epochs
2025-05-05 02:17:13,393 - mmrotate - INFO - Checkpoints will be saved to /home/shardul.junagade/my-work/domain-adaptation-brick-kilns/mmrotate/work_dirs/rotated_retinanet_obb_r50_fpn_1x_brickkiln_le90 by HardDiskBackend.
2025-05-05 02:18:07,713 - mmrotate - INFO - Epoch [1][50/366]	lr: 9.967e-04, eta: 2:44:45, time: 1.086, data_time: 0.185, memory: 2991, loss_cls: 1.1263, loss_bbox: 2.9923, loss: 4.1186, grad_norm: 9.0031
2025-05-05 02:18:45,627 - mmrotate - INFO - Epoch [1][100/366]	lr: 1.163e-03, eta: 2:19:06, time: 0.758, data_time: 0.068, memory: 2991, loss_cls: 1.1056, loss_bbox: 1.4412, loss: 2.5468, grad_norm: 6.7210
2025-05-05 02:19:17,751 - mmrotate - INFO - Epoch [1][150/366]	lr: 1.330e-03, eta: 2:04:21, time: 0.642, data_time: 0.069, memory: 2991, loss_cls: 0.7447, loss_bbox: 1.3190, loss: 2.0637, grad_norm: 6.1452
2025-05-05 02:19:55,593 - mmrotate - INFO - Epoch [1][200/366]	lr: 1.497e-03, eta: 2:00:58, time: 0.757, data_time: 0.072, memory: 2991, loss_cls: 0.6186, loss_bbox: 1.2706, loss: 1.8892, grad_norm: 5.3848
2025-05-05 02:20:28,420 - mmrotate - INFO - Epoch [1][250/366]	lr: 1.663e-03, eta: 1:55:42, time: 0.657, data_time: 0.068, memory: 2991, loss_cls: 0.5686, loss_bbox: 1.2561, loss: 1.8247, grad_norm: 8.6028
2025-05-05 02:21:04,730 - mmrotate - INFO - Epoch [1][300/366]	lr: 1.830e-03, eta: 1:53:44, time: 0.726, data_time: 0.067, memory: 2991, loss_cls: 0.5464, loss_bbox: 1.1954, loss: 1.7418, grad_norm: 6.8629
2025-05-05 02:21:41,967 - mmrotate - INFO - Epoch [1][350/366]	lr: 1.997e-03, eta: 1:52:32, time: 0.745, data_time: 0.066, memory: 2991, loss_cls: 0.5191, loss_bbox: 1.1523, loss: 1.6714, grad_norm: 6.1037
2025-05-05 02:21:50,422 - mmrotate - INFO - Saving checkpoint at 1 epochs
2025-05-05 02:27:48,809 - mmrotate - INFO - 
+--------+-------+---------+--------+-------+
| class  | gts   | dets    | recall | ap    |
+--------+-------+---------+--------+-------+
| CFCBK  | 649   | 222752  | 0.139  | 0.000 |
| FCBK   | 11134 | 1074832 | 0.095  | 0.002 |
| Zigzag | 9050  | 981790  | 0.115  | 0.007 |
+--------+-------+---------+--------+-------+
| mAP    |       |         |        | 0.003 |
+--------+-------+---------+--------+-------+
2025-05-05 02:27:49,306 - mmrotate - INFO - Exp name: rotated_retinanet_obb_r50_fpn_1x_brickkiln_le90.py
2025-05-05 02:27:49,307 - mmrotate - INFO - Epoch(val) [1][15590]	mAP: 0.0030
2025-05-05 02:28:20,708 - mmrotate - INFO - Epoch [2][50/366]	lr: 2.217e-03, eta: 1:44:57, time: 0.628, data_time: 0.155, memory: 2991, loss_cls: 0.5133, loss_bbox: 1.1536, loss: 1.6669, grad_norm: 8.9276
2025-05-05 02:29:03,052 - mmrotate - INFO - Epoch [2][100/366]	lr: 2.383e-03, eta: 1:46:18, time: 0.847, data_time: 0.068, memory: 2991, loss_cls: 0.5552, loss_bbox: 1.1593, loss: 1.7146, grad_norm: 8.8007
2025-05-05 02:29:29,311 - mmrotate - INFO - Epoch [2][150/366]	lr: 2.500e-03, eta: 1:42:47, time: 0.525, data_time: 0.070, memory: 2991, loss_cls: 0.4638, loss_bbox: 1.0754, loss: 1.5392, grad_norm: 4.6840
2025-05-05 02:29:55,355 - mmrotate - INFO - Epoch [2][200/366]	lr: 2.500e-03, eta: 1:39:44, time: 0.521, data_time: 0.065, memory: 2991, loss_cls: 0.4623, loss_bbox: 1.0755, loss: 1.5378, grad_norm: 6.5539
2025-05-05 02:30:21,489 - mmrotate - INFO - Epoch [2][250/366]	lr: 2.500e-03, eta: 1:37:08, time: 0.523, data_time: 0.067, memory: 2991, loss_cls: 0.4660, loss_bbox: 1.0674, loss: 1.5334, grad_norm: 5.7951
2025-05-05 02:30:47,598 - mmrotate - INFO - Epoch [2][300/366]	lr: 2.500e-03, eta: 1:34:52, time: 0.522, data_time: 0.066, memory: 2991, loss_cls: 0.4163, loss_bbox: 1.0442, loss: 1.4605, grad_norm: 3.3640
2025-05-05 02:31:14,863 - mmrotate - INFO - Epoch [2][350/366]	lr: 2.500e-03, eta: 1:33:04, time: 0.545, data_time: 0.066, memory: 2991, loss_cls: 0.4051, loss_bbox: 0.9995, loss: 1.4046, grad_norm: 5.1039
2025-05-05 02:31:23,326 - mmrotate - INFO - Saving checkpoint at 2 epochs
2025-05-05 02:36:31,291 - mmrotate - INFO - 
+--------+-------+--------+--------+-------+
| class  | gts   | dets   | recall | ap    |
+--------+-------+--------+--------+-------+
| CFCBK  | 649   | 78606  | 0.296  | 0.002 |
| FCBK   | 11134 | 740788 | 0.208  | 0.024 |
| Zigzag | 9050  | 354311 | 0.255  | 0.042 |
+--------+-------+--------+--------+-------+
| mAP    |       |        |        | 0.023 |
+--------+-------+--------+--------+-------+
2025-05-05 02:36:31,389 - mmrotate - INFO - Exp name: rotated_retinanet_obb_r50_fpn_1x_brickkiln_le90.py
2025-05-05 02:36:31,390 - mmrotate - INFO - Epoch(val) [2][15590]	mAP: 0.0229
2025-05-05 02:37:12,396 - mmrotate - INFO - Epoch [3][50/366]	lr: 2.500e-03, eta: 1:31:52, time: 0.820, data_time: 0.153, memory: 2991, loss_cls: 0.4073, loss_bbox: 0.8875, loss: 1.2948, grad_norm: 7.0440
2025-05-05 02:37:48,814 - mmrotate - INFO - Epoch [3][100/366]	lr: 2.500e-03, eta: 1:31:53, time: 0.728, data_time: 0.069, memory: 2991, loss_cls: 0.3896, loss_bbox: 0.8430, loss: 1.2326, grad_norm: 6.0181
2025-05-05 02:38:23,079 - mmrotate - INFO - Epoch [3][150/366]	lr: 2.500e-03, eta: 1:31:31, time: 0.685, data_time: 0.069, memory: 2991, loss_cls: 0.3923, loss_bbox: 0.8309, loss: 1.2231, grad_norm: 6.9962
2025-05-05 02:38:56,899 - mmrotate - INFO - Epoch [3][200/366]	lr: 2.500e-03, eta: 1:31:03, time: 0.676, data_time: 0.067, memory: 2991, loss_cls: 0.3851, loss_bbox: 0.8215, loss: 1.2066, grad_norm: 6.7571
2025-05-05 02:39:35,710 - mmrotate - INFO - Epoch [3][250/366]	lr: 2.500e-03, eta: 1:31:16, time: 0.776, data_time: 0.070, memory: 2991, loss_cls: 0.3789, loss_bbox: 0.7985, loss: 1.1774, grad_norm: 5.8911
2025-05-05 02:40:09,345 - mmrotate - INFO - Epoch [3][300/366]	lr: 2.500e-03, eta: 1:30:43, time: 0.673, data_time: 0.069, memory: 2991, loss_cls: 0.3785, loss_bbox: 0.7807, loss: 1.1591, grad_norm: 5.0327
2025-05-05 02:40:47,898 - mmrotate - INFO - Epoch [3][350/366]	lr: 2.500e-03, eta: 1:30:47, time: 0.771, data_time: 0.074, memory: 2991, loss_cls: 0.3652, loss_bbox: 0.7682, loss: 1.1334, grad_norm: 5.5744
2025-05-05 02:40:57,716 - mmrotate - INFO - Saving checkpoint at 3 epochs
2025-05-05 02:47:05,203 - mmrotate - INFO - 
+--------+-------+--------+--------+-------+
| class  | gts   | dets   | recall | ap    |
+--------+-------+--------+--------+-------+
| CFCBK  | 649   | 113628 | 0.379  | 0.003 |
| FCBK   | 11134 | 677636 | 0.303  | 0.065 |
| Zigzag | 9050  | 418465 | 0.361  | 0.089 |
+--------+-------+--------+--------+-------+
| mAP    |       |        |        | 0.053 |
+--------+-------+--------+--------+-------+
2025-05-05 02:47:05,398 - mmrotate - INFO - Exp name: rotated_retinanet_obb_r50_fpn_1x_brickkiln_le90.py
2025-05-05 02:47:05,400 - mmrotate - INFO - Epoch(val) [3][15590]	mAP: 0.0525
2025-05-05 02:47:43,214 - mmrotate - INFO - Epoch [4][50/366]	lr: 2.500e-03, eta: 1:29:16, time: 0.756, data_time: 0.151, memory: 2991, loss_cls: 0.3663, loss_bbox: 0.7617, loss: 1.1280, grad_norm: 5.3993
2025-05-05 02:48:22,638 - mmrotate - INFO - Epoch [4][100/366]	lr: 2.500e-03, eta: 1:29:22, time: 0.788, data_time: 0.076, memory: 2991, loss_cls: 0.3606, loss_bbox: 0.7402, loss: 1.1008, grad_norm: 5.1080
2025-05-05 02:48:55,455 - mmrotate - INFO - Epoch [4][150/366]	lr: 2.500e-03, eta: 1:28:42, time: 0.656, data_time: 0.076, memory: 2991, loss_cls: 0.3644, loss_bbox: 0.7599, loss: 1.1243, grad_norm: 5.5643
2025-05-05 02:49:35,850 - mmrotate - INFO - Epoch [4][200/366]	lr: 2.500e-03, eta: 1:28:49, time: 0.808, data_time: 0.095, memory: 2991, loss_cls: 0.3600, loss_bbox: 0.7271, loss: 1.0871, grad_norm: 4.8220
2025-05-05 02:50:08,307 - mmrotate - INFO - Epoch [4][250/366]	lr: 2.500e-03, eta: 1:28:07, time: 0.649, data_time: 0.067, memory: 2991, loss_cls: 0.3580, loss_bbox: 0.7502, loss: 1.1082, grad_norm: 4.9718
2025-05-05 02:50:47,436 - mmrotate - INFO - Epoch [4][300/366]	lr: 2.500e-03, eta: 1:28:02, time: 0.783, data_time: 0.070, memory: 2991, loss_cls: 0.3520, loss_bbox: 0.7324, loss: 1.0844, grad_norm: 4.2093
2025-05-05 02:51:19,819 - mmrotate - INFO - Epoch [4][350/366]	lr: 2.500e-03, eta: 1:27:19, time: 0.648, data_time: 0.069, memory: 2991, loss_cls: 0.3511, loss_bbox: 0.7266, loss: 1.0777, grad_norm: 4.5224
2025-05-05 02:51:35,010 - mmrotate - INFO - Saving checkpoint at 4 epochs
2025-05-05 02:57:30,681 - mmrotate - INFO - 
+--------+-------+--------+--------+-------+
| class  | gts   | dets   | recall | ap    |
+--------+-------+--------+--------+-------+
| CFCBK  | 649   | 121530 | 0.396  | 0.004 |
| FCBK   | 11134 | 524931 | 0.304  | 0.055 |
| Zigzag | 9050  | 311022 | 0.361  | 0.095 |
+--------+-------+--------+--------+-------+
| mAP    |       |        |        | 0.052 |
+--------+-------+--------+--------+-------+
2025-05-05 02:57:31,030 - mmrotate - INFO - Exp name: rotated_retinanet_obb_r50_fpn_1x_brickkiln_le90.py
2025-05-05 02:57:31,032 - mmrotate - INFO - Epoch(val) [4][15590]	mAP: 0.0515
2025-05-05 02:58:02,954 - mmrotate - INFO - Epoch [5][50/366]	lr: 2.500e-03, eta: 1:25:28, time: 0.638, data_time: 0.172, memory: 2991, loss_cls: 0.3445, loss_bbox: 0.7051, loss: 1.0496, grad_norm: 4.5116
2025-05-05 02:58:45,819 - mmrotate - INFO - Epoch [5][100/366]	lr: 2.500e-03, eta: 1:25:40, time: 0.857, data_time: 0.077, memory: 2991, loss_cls: 0.3463, loss_bbox: 0.7296, loss: 1.0759, grad_norm: 4.6491
2025-05-05 02:59:15,508 - mmrotate - INFO - Epoch [5][150/366]	lr: 2.500e-03, eta: 1:24:46, time: 0.594, data_time: 0.099, memory: 2991, loss_cls: 0.3431, loss_bbox: 0.7105, loss: 1.0537, grad_norm: 4.1013
2025-05-05 02:59:55,567 - mmrotate - INFO - Epoch [5][200/366]	lr: 2.500e-03, eta: 1:24:41, time: 0.801, data_time: 0.089, memory: 2991, loss_cls: 0.3463, loss_bbox: 0.6990, loss: 1.0453, grad_norm: 4.7743
2025-05-05 03:00:33,784 - mmrotate - INFO - Epoch [5][250/366]	lr: 2.500e-03, eta: 1:24:26, time: 0.764, data_time: 0.095, memory: 2991, loss_cls: 0.3434, loss_bbox: 0.6907, loss: 1.0341, grad_norm: 3.6715
2025-05-05 03:01:18,377 - mmrotate - INFO - Epoch [5][300/366]	lr: 2.500e-03, eta: 1:24:36, time: 0.892, data_time: 0.083, memory: 2991, loss_cls: 0.3414, loss_bbox: 0.7004, loss: 1.0418, grad_norm: 4.0503
2025-05-05 03:01:57,247 - mmrotate - INFO - Epoch [5][350/366]	lr: 2.500e-03, eta: 1:24:20, time: 0.777, data_time: 0.104, memory: 2991, loss_cls: 0.3376, loss_bbox: 0.6897, loss: 1.0273, grad_norm: 4.4130
2025-05-05 03:02:08,117 - mmrotate - INFO - Saving checkpoint at 5 epochs
2025-05-05 03:08:24,492 - mmrotate - INFO - 
+--------+-------+--------+--------+-------+
| class  | gts   | dets   | recall | ap    |
+--------+-------+--------+--------+-------+
| CFCBK  | 649   | 166770 | 0.436  | 0.008 |
| FCBK   | 11134 | 709849 | 0.310  | 0.057 |
| Zigzag | 9050  | 402083 | 0.342  | 0.088 |
+--------+-------+--------+--------+-------+
| mAP    |       |        |        | 0.051 |
+--------+-------+--------+--------+-------+
2025-05-05 03:08:24,933 - mmrotate - INFO - Exp name: rotated_retinanet_obb_r50_fpn_1x_brickkiln_le90.py
2025-05-05 03:08:24,934 - mmrotate - INFO - Epoch(val) [5][15590]	mAP: 0.0514
2025-05-05 03:09:05,403 - mmrotate - INFO - Epoch [6][50/366]	lr: 2.500e-03, eta: 1:23:14, time: 0.809, data_time: 0.162, memory: 2991, loss_cls: 0.3359, loss_bbox: 0.6768, loss: 1.0126, grad_norm: 3.6992
2025-05-05 03:09:42,927 - mmrotate - INFO - Epoch [6][100/366]	lr: 2.500e-03, eta: 1:22:52, time: 0.750, data_time: 0.070, memory: 2991, loss_cls: 0.3358, loss_bbox: 0.6947, loss: 1.0306, grad_norm: 3.9139
2025-05-05 03:10:21,861 - mmrotate - INFO - Epoch [6][150/366]	lr: 2.500e-03, eta: 1:22:34, time: 0.779, data_time: 0.069, memory: 2991, loss_cls: 0.3334, loss_bbox: 0.6758, loss: 1.0092, grad_norm: 3.6603
2025-05-05 03:11:02,864 - mmrotate - INFO - Epoch [6][200/366]	lr: 2.500e-03, eta: 1:22:22, time: 0.820, data_time: 0.069, memory: 2991, loss_cls: 0.3321, loss_bbox: 0.6770, loss: 1.0092, grad_norm: 3.5886
2025-05-05 03:11:38,603 - mmrotate - INFO - Epoch [6][250/366]	lr: 2.500e-03, eta: 1:21:51, time: 0.715, data_time: 0.069, memory: 2991, loss_cls: 0.3319, loss_bbox: 0.6619, loss: 0.9938, grad_norm: 3.8493
2025-05-05 03:12:14,548 - mmrotate - INFO - Epoch [6][300/366]	lr: 2.500e-03, eta: 1:21:20, time: 0.719, data_time: 0.067, memory: 2991, loss_cls: 0.3346, loss_bbox: 0.6762, loss: 1.0108, grad_norm: 3.9034
2025-05-05 03:12:54,198 - mmrotate - INFO - Epoch [6][350/366]	lr: 2.500e-03, eta: 1:21:01, time: 0.793, data_time: 0.071, memory: 2991, loss_cls: 0.3306, loss_bbox: 0.6795, loss: 1.0100, grad_norm: 3.4165
2025-05-05 03:13:09,097 - mmrotate - INFO - Saving checkpoint at 6 epochs
2025-05-05 03:19:24,444 - mmrotate - INFO - 
+--------+-------+--------+--------+-------+
| class  | gts   | dets   | recall | ap    |
+--------+-------+--------+--------+-------+
| CFCBK  | 649   | 147453 | 0.487  | 0.107 |
| FCBK   | 11134 | 633787 | 0.341  | 0.083 |
| Zigzag | 9050  | 398216 | 0.430  | 0.136 |
+--------+-------+--------+--------+-------+
| mAP    |       |        |        | 0.109 |
+--------+-------+--------+--------+-------+
2025-05-05 03:19:24,605 - mmrotate - INFO - Exp name: rotated_retinanet_obb_r50_fpn_1x_brickkiln_le90.py
2025-05-05 03:19:24,606 - mmrotate - INFO - Epoch(val) [6][15590]	mAP: 0.1086
2025-05-05 03:20:05,139 - mmrotate - INFO - Epoch [7][50/366]	lr: 2.500e-03, eta: 1:19:58, time: 0.810, data_time: 0.153, memory: 2991, loss_cls: 0.3210, loss_bbox: 0.6523, loss: 0.9734, grad_norm: 3.8505
2025-05-05 03:20:46,295 - mmrotate - INFO - Epoch [7][100/366]	lr: 2.500e-03, eta: 1:19:42, time: 0.823, data_time: 0.073, memory: 2991, loss_cls: 0.3270, loss_bbox: 0.6797, loss: 1.0067, grad_norm: 3.7769
2025-05-05 03:21:25,752 - mmrotate - INFO - Epoch [7][150/366]	lr: 2.500e-03, eta: 1:19:21, time: 0.789, data_time: 0.071, memory: 2991, loss_cls: 0.3273, loss_bbox: 0.6747, loss: 1.0020, grad_norm: 3.8384
2025-05-05 03:22:01,325 - mmrotate - INFO - Epoch [7][200/366]	lr: 2.500e-03, eta: 1:18:47, time: 0.711, data_time: 0.068, memory: 2991, loss_cls: 0.3266, loss_bbox: 0.6806, loss: 1.0071, grad_norm: 3.8284
2025-05-05 03:22:38,342 - mmrotate - INFO - Epoch [7][250/366]	lr: 2.500e-03, eta: 1:18:18, time: 0.740, data_time: 0.069, memory: 2991, loss_cls: 0.3238, loss_bbox: 0.6553, loss: 0.9791, grad_norm: 3.6952
2025-05-05 03:23:17,576 - mmrotate - INFO - Epoch [7][300/366]	lr: 2.500e-03, eta: 1:17:54, time: 0.785, data_time: 0.070, memory: 2991, loss_cls: 0.3225, loss_bbox: 0.6654, loss: 0.9879, grad_norm: 3.9459
2025-05-05 03:23:58,251 - mmrotate - INFO - Epoch [7][350/366]	lr: 2.500e-03, eta: 1:17:33, time: 0.813, data_time: 0.069, memory: 2991, loss_cls: 0.3211, loss_bbox: 0.6522, loss: 0.9733, grad_norm: 3.4842
2025-05-05 03:24:06,815 - mmrotate - INFO - Saving checkpoint at 7 epochs
2025-05-05 03:29:37,984 - mmrotate - INFO - 
+--------+-------+--------+--------+-------+
| class  | gts   | dets   | recall | ap    |
+--------+-------+--------+--------+-------+
| CFCBK  | 649   | 140835 | 0.525  | 0.225 |
| FCBK   | 11134 | 495494 | 0.368  | 0.120 |
| Zigzag | 9050  | 258943 | 0.449  | 0.148 |
+--------+-------+--------+--------+-------+
| mAP    |       |        |        | 0.164 |
+--------+-------+--------+--------+-------+
2025-05-05 03:29:38,462 - mmrotate - INFO - Exp name: rotated_retinanet_obb_r50_fpn_1x_brickkiln_le90.py
2025-05-05 03:29:38,463 - mmrotate - INFO - Epoch(val) [7][15590]	mAP: 0.1644
2025-05-05 03:30:10,005 - mmrotate - INFO - Epoch [8][50/366]	lr: 2.500e-03, eta: 1:16:09, time: 0.631, data_time: 0.168, memory: 2991, loss_cls: 0.3196, loss_bbox: 0.6665, loss: 0.9861, grad_norm: 3.5609
2025-05-05 03:30:37,726 - mmrotate - INFO - Epoch [8][100/366]	lr: 2.500e-03, eta: 1:15:17, time: 0.554, data_time: 0.092, memory: 2991, loss_cls: 0.3186, loss_bbox: 0.6512, loss: 0.9698, grad_norm: 3.3153
2025-05-05 03:31:05,231 - mmrotate - INFO - Epoch [8][150/366]	lr: 2.500e-03, eta: 1:14:24, time: 0.550, data_time: 0.091, memory: 2991, loss_cls: 0.3171, loss_bbox: 0.6592, loss: 0.9763, grad_norm: 3.5484
2025-05-05 03:31:33,592 - mmrotate - INFO - Epoch [8][200/366]	lr: 2.500e-03, eta: 1:13:35, time: 0.567, data_time: 0.097, memory: 2991, loss_cls: 0.3114, loss_bbox: 0.6474, loss: 0.9588, grad_norm: 3.3779
2025-05-05 03:32:00,399 - mmrotate - INFO - Epoch [8][250/366]	lr: 2.500e-03, eta: 1:12:43, time: 0.536, data_time: 0.074, memory: 2991, loss_cls: 0.3141, loss_bbox: 0.6444, loss: 0.9584, grad_norm: 3.4507
2025-05-05 03:32:26,699 - mmrotate - INFO - Epoch [8][300/366]	lr: 2.500e-03, eta: 1:11:51, time: 0.526, data_time: 0.067, memory: 2991, loss_cls: 0.3145, loss_bbox: 0.6543, loss: 0.9688, grad_norm: 3.5525
2025-05-05 03:32:52,930 - mmrotate - INFO - Epoch [8][350/366]	lr: 2.500e-03, eta: 1:10:59, time: 0.525, data_time: 0.067, memory: 2991, loss_cls: 0.3140, loss_bbox: 0.6458, loss: 0.9598, grad_norm: 3.5784
2025-05-05 03:33:01,636 - mmrotate - INFO - Saving checkpoint at 8 epochs
2025-05-05 03:38:17,018 - mmrotate - INFO - 
+--------+-------+--------+--------+-------+
| class  | gts   | dets   | recall | ap    |
+--------+-------+--------+--------+-------+
| CFCBK  | 649   | 167864 | 0.479  | 0.221 |
| FCBK   | 11134 | 571678 | 0.352  | 0.147 |
| Zigzag | 9050  | 360675 | 0.434  | 0.142 |
+--------+-------+--------+--------+-------+
| mAP    |       |        |        | 0.170 |
+--------+-------+--------+--------+-------+
2025-05-05 03:38:17,132 - mmrotate - INFO - Exp name: rotated_retinanet_obb_r50_fpn_1x_brickkiln_le90.py
2025-05-05 03:38:17,134 - mmrotate - INFO - Epoch(val) [8][15590]	mAP: 0.1698
2025-05-05 03:38:48,067 - mmrotate - INFO - Epoch [9][50/366]	lr: 2.500e-04, eta: 1:09:45, time: 0.618, data_time: 0.157, memory: 2991, loss_cls: 0.3108, loss_bbox: 0.6250, loss: 0.9358, grad_norm: 2.6693
2025-05-05 03:39:15,099 - mmrotate - INFO - Epoch [9][100/366]	lr: 2.500e-04, eta: 1:08:57, time: 0.541, data_time: 0.080, memory: 2991, loss_cls: 0.3021, loss_bbox: 0.6270, loss: 0.9291, grad_norm: 2.5300
2025-05-05 03:39:42,143 - mmrotate - INFO - Epoch [9][150/366]	lr: 2.500e-04, eta: 1:08:10, time: 0.541, data_time: 0.073, memory: 2991, loss_cls: 0.3038, loss_bbox: 0.6292, loss: 0.9329, grad_norm: 2.6673
2025-05-05 03:40:08,491 - mmrotate - INFO - Epoch [9][200/366]	lr: 2.500e-04, eta: 1:07:22, time: 0.527, data_time: 0.070, memory: 2991, loss_cls: 0.3031, loss_bbox: 0.6175, loss: 0.9206, grad_norm: 2.7386
2025-05-05 03:40:34,839 - mmrotate - INFO - Epoch [9][250/366]	lr: 2.500e-04, eta: 1:06:35, time: 0.527, data_time: 0.067, memory: 2991, loss_cls: 0.3017, loss_bbox: 0.6218, loss: 0.9235, grad_norm: 2.6804
2025-05-05 03:41:01,034 - mmrotate - INFO - Epoch [9][300/366]	lr: 2.500e-04, eta: 1:05:48, time: 0.524, data_time: 0.067, memory: 2991, loss_cls: 0.3062, loss_bbox: 0.6303, loss: 0.9365, grad_norm: 2.6981
2025-05-05 03:41:27,206 - mmrotate - INFO - Epoch [9][350/366]	lr: 2.500e-04, eta: 1:05:02, time: 0.523, data_time: 0.066, memory: 2991, loss_cls: 0.3024, loss_bbox: 0.6214, loss: 0.9238, grad_norm: 2.7272
2025-05-05 03:41:35,686 - mmrotate - INFO - Saving checkpoint at 9 epochs
2025-05-05 03:46:40,021 - mmrotate - INFO - 
+--------+-------+--------+--------+-------+
| class  | gts   | dets   | recall | ap    |
+--------+-------+--------+--------+-------+
| CFCBK  | 649   | 100471 | 0.549  | 0.291 |
| FCBK   | 11134 | 487695 | 0.421  | 0.138 |
| Zigzag | 9050  | 290148 | 0.516  | 0.244 |
+--------+-------+--------+--------+-------+
| mAP    |       |        |        | 0.224 |
+--------+-------+--------+--------+-------+
2025-05-05 03:46:40,529 - mmrotate - INFO - Exp name: rotated_retinanet_obb_r50_fpn_1x_brickkiln_le90.py
2025-05-05 03:46:40,530 - mmrotate - INFO - Epoch(val) [9][15590]	mAP: 0.2242
2025-05-05 03:47:12,812 - mmrotate - INFO - Epoch [10][50/366]	lr: 2.500e-04, eta: 1:03:58, time: 0.645, data_time: 0.162, memory: 2991, loss_cls: 0.3061, loss_bbox: 0.6263, loss: 0.9325, grad_norm: 2.7248
2025-05-05 03:47:41,359 - mmrotate - INFO - Epoch [10][100/366]	lr: 2.500e-04, eta: 1:03:17, time: 0.571, data_time: 0.087, memory: 2991, loss_cls: 0.3060, loss_bbox: 0.6265, loss: 0.9325, grad_norm: 2.7778
2025-05-05 03:48:09,734 - mmrotate - INFO - Epoch [10][150/366]	lr: 2.500e-04, eta: 1:02:37, time: 0.567, data_time: 0.084, memory: 2991, loss_cls: 0.3040, loss_bbox: 0.6134, loss: 0.9174, grad_norm: 2.6598
2025-05-05 03:48:36,587 - mmrotate - INFO - Epoch [10][200/366]	lr: 2.500e-04, eta: 1:01:54, time: 0.537, data_time: 0.071, memory: 2991, loss_cls: 0.3070, loss_bbox: 0.6235, loss: 0.9305, grad_norm: 2.7784
2025-05-05 03:49:02,783 - mmrotate - INFO - Epoch [10][250/366]	lr: 2.500e-04, eta: 1:01:11, time: 0.524, data_time: 0.067, memory: 2991, loss_cls: 0.3050, loss_bbox: 0.6197, loss: 0.9247, grad_norm: 2.8444
2025-05-05 03:49:29,095 - mmrotate - INFO - Epoch [10][300/366]	lr: 2.500e-04, eta: 1:00:28, time: 0.526, data_time: 0.070, memory: 2991, loss_cls: 0.3001, loss_bbox: 0.6216, loss: 0.9217, grad_norm: 2.7022
2025-05-05 03:49:55,311 - mmrotate - INFO - Epoch [10][350/366]	lr: 2.500e-04, eta: 0:59:46, time: 0.524, data_time: 0.066, memory: 2991, loss_cls: 0.3005, loss_bbox: 0.6119, loss: 0.9124, grad_norm: 2.7335
2025-05-05 03:50:03,882 - mmrotate - INFO - Saving checkpoint at 10 epochs
2025-05-05 03:55:06,297 - mmrotate - INFO - 
+--------+-------+--------+--------+-------+
| class  | gts   | dets   | recall | ap    |
+--------+-------+--------+--------+-------+
| CFCBK  | 649   | 85947  | 0.555  | 0.295 |
| FCBK   | 11134 | 497928 | 0.420  | 0.132 |
| Zigzag | 9050  | 269683 | 0.519  | 0.251 |
+--------+-------+--------+--------+-------+
| mAP    |       |        |        | 0.226 |
+--------+-------+--------+--------+-------+
2025-05-05 03:55:07,004 - mmrotate - INFO - Exp name: rotated_retinanet_obb_r50_fpn_1x_brickkiln_le90.py
2025-05-05 03:55:07,006 - mmrotate - INFO - Epoch(val) [10][15590]	mAP: 0.2262
2025-05-05 03:55:36,752 - mmrotate - INFO - Epoch [11][50/366]	lr: 2.500e-04, eta: 0:58:43, time: 0.595, data_time: 0.138, memory: 2991, loss_cls: 0.3005, loss_bbox: 0.6241, loss: 0.9246, grad_norm: 2.7465
2025-05-05 03:56:02,988 - mmrotate - INFO - Epoch [11][100/366]	lr: 2.500e-04, eta: 0:58:02, time: 0.525, data_time: 0.068, memory: 2991, loss_cls: 0.2992, loss_bbox: 0.6185, loss: 0.9178, grad_norm: 2.6716
2025-05-05 03:56:29,087 - mmrotate - INFO - Epoch [11][150/366]	lr: 2.500e-04, eta: 0:57:21, time: 0.522, data_time: 0.068, memory: 2991, loss_cls: 0.3035, loss_bbox: 0.6202, loss: 0.9238, grad_norm: 2.7887
2025-05-05 03:56:55,332 - mmrotate - INFO - Epoch [11][200/366]	lr: 2.500e-04, eta: 0:56:41, time: 0.525, data_time: 0.067, memory: 2991, loss_cls: 0.3012, loss_bbox: 0.6004, loss: 0.9016, grad_norm: 2.8641
2025-05-05 03:57:21,452 - mmrotate - INFO - Epoch [11][250/366]	lr: 2.500e-04, eta: 0:56:00, time: 0.522, data_time: 0.066, memory: 2991, loss_cls: 0.3012, loss_bbox: 0.6181, loss: 0.9194, grad_norm: 2.7101
2025-05-05 03:57:47,635 - mmrotate - INFO - Epoch [11][300/366]	lr: 2.500e-04, eta: 0:55:21, time: 0.524, data_time: 0.069, memory: 2991, loss_cls: 0.3019, loss_bbox: 0.6114, loss: 0.9133, grad_norm: 2.9397
2025-05-05 03:58:13,751 - mmrotate - INFO - Epoch [11][350/366]	lr: 2.500e-04, eta: 0:54:41, time: 0.522, data_time: 0.066, memory: 2991, loss_cls: 0.3046, loss_bbox: 0.6292, loss: 0.9338, grad_norm: 2.6924
2025-05-05 03:58:22,197 - mmrotate - INFO - Saving checkpoint at 11 epochs
2025-05-05 04:03:39,548 - mmrotate - INFO - 
+--------+-------+--------+--------+-------+
| class  | gts   | dets   | recall | ap    |
+--------+-------+--------+--------+-------+
| CFCBK  | 649   | 109976 | 0.567  | 0.295 |
| FCBK   | 11134 | 525287 | 0.427  | 0.137 |
| Zigzag | 9050  | 271633 | 0.528  | 0.258 |
+--------+-------+--------+--------+-------+
| mAP    |       |        |        | 0.230 |
+--------+-------+--------+--------+-------+
2025-05-05 04:03:39,812 - mmrotate - INFO - Exp name: rotated_retinanet_obb_r50_fpn_1x_brickkiln_le90.py
2025-05-05 04:03:39,814 - mmrotate - INFO - Epoch(val) [11][15590]	mAP: 0.2299
2025-05-05 04:04:11,136 - mmrotate - INFO - Epoch [12][50/366]	lr: 2.500e-05, eta: 0:53:45, time: 0.626, data_time: 0.158, memory: 2991, loss_cls: 0.3009, loss_bbox: 0.6043, loss: 0.9052, grad_norm: 2.7721
2025-05-05 04:04:38,395 - mmrotate - INFO - Epoch [12][100/366]	lr: 2.500e-05, eta: 0:53:08, time: 0.545, data_time: 0.082, memory: 2991, loss_cls: 0.3017, loss_bbox: 0.6146, loss: 0.9164, grad_norm: 2.5656
2025-05-05 04:05:06,972 - mmrotate - INFO - Epoch [12][150/366]	lr: 2.500e-05, eta: 0:52:33, time: 0.572, data_time: 0.091, memory: 2991, loss_cls: 0.3022, loss_bbox: 0.6173, loss: 0.9195, grad_norm: 2.6838
2025-05-05 04:05:35,486 - mmrotate - INFO - Epoch [12][200/366]	lr: 2.500e-05, eta: 0:51:57, time: 0.570, data_time: 0.086, memory: 2991, loss_cls: 0.3015, loss_bbox: 0.6174, loss: 0.9189, grad_norm: 2.6382
2025-05-05 04:06:04,309 - mmrotate - INFO - Epoch [12][250/366]	lr: 2.500e-05, eta: 0:51:22, time: 0.576, data_time: 0.087, memory: 2991, loss_cls: 0.2975, loss_bbox: 0.5941, loss: 0.8916, grad_norm: 2.7257
2025-05-05 04:06:33,360 - mmrotate - INFO - Epoch [12][300/366]	lr: 2.500e-05, eta: 0:50:48, time: 0.581, data_time: 0.096, memory: 2991, loss_cls: 0.3048, loss_bbox: 0.6164, loss: 0.9211, grad_norm: 2.6755
2025-05-05 04:07:02,132 - mmrotate - INFO - Epoch [12][350/366]	lr: 2.500e-05, eta: 0:50:13, time: 0.575, data_time: 0.090, memory: 2991, loss_cls: 0.3017, loss_bbox: 0.6186, loss: 0.9203, grad_norm: 2.8379
2025-05-05 04:07:11,983 - mmrotate - INFO - Saving checkpoint at 12 epochs
2025-05-05 04:12:33,362 - mmrotate - INFO - 
+--------+-------+--------+--------+-------+
| class  | gts   | dets   | recall | ap    |
+--------+-------+--------+--------+-------+
| CFCBK  | 649   | 88944  | 0.558  | 0.299 |
| FCBK   | 11134 | 481643 | 0.418  | 0.131 |
| Zigzag | 9050  | 268601 | 0.523  | 0.251 |
+--------+-------+--------+--------+-------+
| mAP    |       |        |        | 0.227 |
+--------+-------+--------+--------+-------+
2025-05-05 04:12:33,606 - mmrotate - INFO - Exp name: rotated_retinanet_obb_r50_fpn_1x_brickkiln_le90.py
2025-05-05 04:12:33,607 - mmrotate - INFO - Epoch(val) [12][15590]	mAP: 0.2270
2025-05-05 04:13:05,856 - mmrotate - INFO - Epoch [13][50/366]	lr: 2.500e-05, eta: 0:49:22, time: 0.645, data_time: 0.158, memory: 2991, loss_cls: 0.3033, loss_bbox: 0.6142, loss: 0.9175, grad_norm: 2.7396
2025-05-05 04:13:33,597 - mmrotate - INFO - Epoch [13][100/366]	lr: 2.500e-05, eta: 0:48:46, time: 0.555, data_time: 0.074, memory: 2991, loss_cls: 0.2999, loss_bbox: 0.6105, loss: 0.9104, grad_norm: 2.6383
2025-05-05 04:14:01,169 - mmrotate - INFO - Epoch [13][150/366]	lr: 2.500e-05, eta: 0:48:11, time: 0.551, data_time: 0.070, memory: 2991, loss_cls: 0.2968, loss_bbox: 0.6054, loss: 0.9023, grad_norm: 2.7135
2025-05-05 04:14:28,876 - mmrotate - INFO - Epoch [13][200/366]	lr: 2.500e-05, eta: 0:47:36, time: 0.554, data_time: 0.071, memory: 2991, loss_cls: 0.3007, loss_bbox: 0.6031, loss: 0.9038, grad_norm: 2.7603
2025-05-05 04:14:56,576 - mmrotate - INFO - Epoch [13][250/366]	lr: 2.500e-05, eta: 0:47:01, time: 0.554, data_time: 0.075, memory: 2991, loss_cls: 0.3026, loss_bbox: 0.6244, loss: 0.9270, grad_norm: 2.6370
2025-05-05 04:15:24,528 - mmrotate - INFO - Epoch [13][300/366]	lr: 2.500e-05, eta: 0:46:27, time: 0.559, data_time: 0.082, memory: 2991, loss_cls: 0.2983, loss_bbox: 0.6123, loss: 0.9107, grad_norm: 2.6360
2025-05-05 04:15:52,380 - mmrotate - INFO - Epoch [13][350/366]	lr: 2.500e-05, eta: 0:45:52, time: 0.557, data_time: 0.075, memory: 2991, loss_cls: 0.3029, loss_bbox: 0.6127, loss: 0.9156, grad_norm: 2.7178
2025-05-05 04:16:01,279 - mmrotate - INFO - Saving checkpoint at 13 epochs
2025-05-05 04:21:21,707 - mmrotate - INFO - 
+--------+-------+--------+--------+-------+
| class  | gts   | dets   | recall | ap    |
+--------+-------+--------+--------+-------+
| CFCBK  | 649   | 89511  | 0.556  | 0.300 |
| FCBK   | 11134 | 489892 | 0.414  | 0.125 |
| Zigzag | 9050  | 269301 | 0.515  | 0.245 |
+--------+-------+--------+--------+-------+
| mAP    |       |        |        | 0.223 |
+--------+-------+--------+--------+-------+
2025-05-05 04:21:22,010 - mmrotate - INFO - Exp name: rotated_retinanet_obb_r50_fpn_1x_brickkiln_le90.py
2025-05-05 04:21:22,011 - mmrotate - INFO - Epoch(val) [13][15590]	mAP: 0.2232
2025-05-05 04:21:54,236 - mmrotate - INFO - Epoch [14][50/366]	lr: 2.500e-05, eta: 0:45:03, time: 0.644, data_time: 0.169, memory: 2991, loss_cls: 0.3021, loss_bbox: 0.6202, loss: 0.9224, grad_norm: 2.6463
2025-05-05 04:22:22,932 - mmrotate - INFO - Epoch [14][100/366]	lr: 2.500e-05, eta: 0:44:29, time: 0.574, data_time: 0.090, memory: 2991, loss_cls: 0.3032, loss_bbox: 0.6195, loss: 0.9227, grad_norm: 2.7596
2025-05-05 04:22:51,128 - mmrotate - INFO - Epoch [14][150/366]	lr: 2.500e-05, eta: 0:43:56, time: 0.564, data_time: 0.080, memory: 2991, loss_cls: 0.3004, loss_bbox: 0.6078, loss: 0.9082, grad_norm: 2.6614
2025-05-05 04:23:18,726 - mmrotate - INFO - Epoch [14][200/366]	lr: 2.500e-05, eta: 0:43:22, time: 0.552, data_time: 0.069, memory: 2991, loss_cls: 0.2997, loss_bbox: 0.6065, loss: 0.9061, grad_norm: 2.6311
2025-05-05 04:23:46,736 - mmrotate - INFO - Epoch [14][250/366]	lr: 2.500e-05, eta: 0:42:48, time: 0.560, data_time: 0.069, memory: 2991, loss_cls: 0.3013, loss_bbox: 0.6038, loss: 0.9051, grad_norm: 2.6881
2025-05-05 04:24:15,160 - mmrotate - INFO - Epoch [14][300/366]	lr: 2.500e-05, eta: 0:42:15, time: 0.568, data_time: 0.070, memory: 2991, loss_cls: 0.2987, loss_bbox: 0.6099, loss: 0.9086, grad_norm: 2.7183
2025-05-05 04:24:42,727 - mmrotate - INFO - Epoch [14][350/366]	lr: 2.500e-05, eta: 0:41:42, time: 0.551, data_time: 0.070, memory: 2991, loss_cls: 0.3012, loss_bbox: 0.6114, loss: 0.9125, grad_norm: 2.7139
2025-05-05 04:24:51,954 - mmrotate - INFO - Saving checkpoint at 14 epochs
2025-05-05 04:30:09,654 - mmrotate - INFO - 
+--------+-------+--------+--------+-------+
| class  | gts   | dets   | recall | ap    |
+--------+-------+--------+--------+-------+
| CFCBK  | 649   | 87783  | 0.562  | 0.302 |
| FCBK   | 11134 | 473349 | 0.418  | 0.131 |
| Zigzag | 9050  | 264495 | 0.520  | 0.246 |
+--------+-------+--------+--------+-------+
| mAP    |       |        |        | 0.227 |
+--------+-------+--------+--------+-------+
2025-05-05 04:30:09,818 - mmrotate - INFO - Exp name: rotated_retinanet_obb_r50_fpn_1x_brickkiln_le90.py
2025-05-05 04:30:09,819 - mmrotate - INFO - Epoch(val) [14][15590]	mAP: 0.2266
2025-05-05 04:30:41,836 - mmrotate - INFO - Epoch [15][50/366]	lr: 2.500e-05, eta: 0:40:54, time: 0.640, data_time: 0.161, memory: 2991, loss_cls: 0.3001, loss_bbox: 0.6152, loss: 0.9153, grad_norm: 2.7584
2025-05-05 04:31:10,112 - mmrotate - INFO - Epoch [15][100/366]	lr: 2.500e-05, eta: 0:40:21, time: 0.566, data_time: 0.076, memory: 2991, loss_cls: 0.2976, loss_bbox: 0.6077, loss: 0.9053, grad_norm: 2.6725
2025-05-05 04:31:38,929 - mmrotate - INFO - Epoch [15][150/366]	lr: 2.500e-05, eta: 0:39:49, time: 0.576, data_time: 0.079, memory: 2991, loss_cls: 0.2963, loss_bbox: 0.6059, loss: 0.9023, grad_norm: 2.6453
2025-05-05 04:32:07,739 - mmrotate - INFO - Epoch [15][200/366]	lr: 2.500e-05, eta: 0:39:16, time: 0.576, data_time: 0.072, memory: 2991, loss_cls: 0.2976, loss_bbox: 0.6058, loss: 0.9033, grad_norm: 2.6860
2025-05-05 04:32:36,932 - mmrotate - INFO - Epoch [15][250/366]	lr: 2.500e-05, eta: 0:38:45, time: 0.584, data_time: 0.079, memory: 2991, loss_cls: 0.2989, loss_bbox: 0.6046, loss: 0.9035, grad_norm: 2.6710
2025-05-05 04:33:06,009 - mmrotate - INFO - Epoch [15][300/366]	lr: 2.500e-05, eta: 0:38:13, time: 0.582, data_time: 0.077, memory: 2991, loss_cls: 0.3052, loss_bbox: 0.6183, loss: 0.9235, grad_norm: 2.6382
2025-05-05 04:33:37,054 - mmrotate - INFO - Epoch [15][350/366]	lr: 2.500e-05, eta: 0:37:42, time: 0.621, data_time: 0.118, memory: 2991, loss_cls: 0.3044, loss_bbox: 0.6224, loss: 0.9268, grad_norm: 2.7608
2025-05-05 04:33:47,150 - mmrotate - INFO - Saving checkpoint at 15 epochs
2025-05-05 04:39:21,806 - mmrotate - INFO - 
+--------+-------+--------+--------+-------+
| class  | gts   | dets   | recall | ap    |
+--------+-------+--------+--------+-------+
| CFCBK  | 649   | 90475  | 0.561  | 0.299 |
| FCBK   | 11134 | 476348 | 0.418  | 0.126 |
| Zigzag | 9050  | 265944 | 0.521  | 0.248 |
+--------+-------+--------+--------+-------+
| mAP    |       |        |        | 0.224 |
+--------+-------+--------+--------+-------+
2025-05-05 04:39:22,185 - mmrotate - INFO - Exp name: rotated_retinanet_obb_r50_fpn_1x_brickkiln_le90.py
2025-05-05 04:39:22,187 - mmrotate - INFO - Epoch(val) [15][15590]	mAP: 0.2242
2025-05-05 04:39:54,621 - mmrotate - INFO - Epoch [16][50/366]	lr: 2.500e-05, eta: 0:36:56, time: 0.648, data_time: 0.143, memory: 2991, loss_cls: 0.2980, loss_bbox: 0.6180, loss: 0.9160, grad_norm: 2.6510
2025-05-05 04:40:23,275 - mmrotate - INFO - Epoch [16][100/366]	lr: 2.500e-05, eta: 0:36:24, time: 0.573, data_time: 0.070, memory: 2991, loss_cls: 0.2996, loss_bbox: 0.6169, loss: 0.9165, grad_norm: 2.6295
2025-05-05 04:40:52,085 - mmrotate - INFO - Epoch [16][150/366]	lr: 2.500e-05, eta: 0:35:52, time: 0.576, data_time: 0.074, memory: 2991, loss_cls: 0.3052, loss_bbox: 0.6160, loss: 0.9212, grad_norm: 2.6496
2025-05-05 04:41:21,064 - mmrotate - INFO - Epoch [16][200/366]	lr: 2.500e-05, eta: 0:35:20, time: 0.580, data_time: 0.073, memory: 2991, loss_cls: 0.2987, loss_bbox: 0.6117, loss: 0.9104, grad_norm: 2.6887
2025-05-05 04:41:49,620 - mmrotate - INFO - Epoch [16][250/366]	lr: 2.500e-05, eta: 0:34:49, time: 0.571, data_time: 0.069, memory: 2991, loss_cls: 0.3025, loss_bbox: 0.6186, loss: 0.9212, grad_norm: 2.6005
2025-05-05 04:42:18,645 - mmrotate - INFO - Epoch [16][300/366]	lr: 2.500e-05, eta: 0:34:17, time: 0.580, data_time: 0.069, memory: 2991, loss_cls: 0.3013, loss_bbox: 0.6048, loss: 0.9060, grad_norm: 2.6599
2025-05-05 04:42:47,893 - mmrotate - INFO - Epoch [16][350/366]	lr: 2.500e-05, eta: 0:33:46, time: 0.585, data_time: 0.073, memory: 2991, loss_cls: 0.2992, loss_bbox: 0.6097, loss: 0.9089, grad_norm: 2.5915
2025-05-05 04:42:57,651 - mmrotate - INFO - Saving checkpoint at 16 epochs
2025-05-05 04:48:27,568 - mmrotate - INFO - 
+--------+-------+--------+--------+-------+
| class  | gts   | dets   | recall | ap    |
+--------+-------+--------+--------+-------+
| CFCBK  | 649   | 93064  | 0.555  | 0.298 |
| FCBK   | 11134 | 482244 | 0.421  | 0.136 |
| Zigzag | 9050  | 266610 | 0.522  | 0.249 |
+--------+-------+--------+--------+-------+
| mAP    |       |        |        | 0.228 |
+--------+-------+--------+--------+-------+
2025-05-05 04:48:27,938 - mmrotate - INFO - Exp name: rotated_retinanet_obb_r50_fpn_1x_brickkiln_le90.py
2025-05-05 04:48:27,939 - mmrotate - INFO - Epoch(val) [16][15590]	mAP: 0.2278
2025-05-05 04:49:00,261 - mmrotate - INFO - Epoch [17][50/366]	lr: 2.500e-05, eta: 0:33:01, time: 0.646, data_time: 0.147, memory: 2991, loss_cls: 0.3021, loss_bbox: 0.6062, loss: 0.9083, grad_norm: 2.8100
2025-05-05 04:49:28,620 - mmrotate - INFO - Epoch [17][100/366]	lr: 2.500e-05, eta: 0:32:29, time: 0.567, data_time: 0.070, memory: 2991, loss_cls: 0.2978, loss_bbox: 0.6050, loss: 0.9029, grad_norm: 2.6657
2025-05-05 04:49:57,019 - mmrotate - INFO - Epoch [17][150/366]	lr: 2.500e-05, eta: 0:31:57, time: 0.568, data_time: 0.069, memory: 2991, loss_cls: 0.3003, loss_bbox: 0.6116, loss: 0.9119, grad_norm: 2.6792
2025-05-05 04:50:25,519 - mmrotate - INFO - Epoch [17][200/366]	lr: 2.500e-05, eta: 0:31:26, time: 0.570, data_time: 0.070, memory: 2991, loss_cls: 0.3009, loss_bbox: 0.6042, loss: 0.9051, grad_norm: 2.6958
2025-05-05 04:50:54,168 - mmrotate - INFO - Epoch [17][250/366]	lr: 2.500e-05, eta: 0:30:55, time: 0.573, data_time: 0.070, memory: 2991, loss_cls: 0.2991, loss_bbox: 0.6089, loss: 0.9079, grad_norm: 2.6734
2025-05-05 04:51:22,651 - mmrotate - INFO - Epoch [17][300/366]	lr: 2.500e-05, eta: 0:30:23, time: 0.570, data_time: 0.069, memory: 2991, loss_cls: 0.3036, loss_bbox: 0.6152, loss: 0.9187, grad_norm: 2.6819
2025-05-05 04:51:50,876 - mmrotate - INFO - Epoch [17][350/366]	lr: 2.500e-05, eta: 0:29:52, time: 0.565, data_time: 0.070, memory: 2991, loss_cls: 0.3012, loss_bbox: 0.6174, loss: 0.9186, grad_norm: 2.6169
2025-05-05 04:52:00,204 - mmrotate - INFO - Saving checkpoint at 17 epochs
2025-05-05 04:57:37,119 - mmrotate - INFO - 
+--------+-------+--------+--------+-------+
| class  | gts   | dets   | recall | ap    |
+--------+-------+--------+--------+-------+
| CFCBK  | 649   | 83265  | 0.562  | 0.305 |
| FCBK   | 11134 | 480160 | 0.417  | 0.124 |
| Zigzag | 9050  | 267579 | 0.521  | 0.249 |
+--------+-------+--------+--------+-------+
| mAP    |       |        |        | 0.226 |
+--------+-------+--------+--------+-------+
2025-05-05 04:57:37,778 - mmrotate - INFO - Exp name: rotated_retinanet_obb_r50_fpn_1x_brickkiln_le90.py
2025-05-05 04:57:37,779 - mmrotate - INFO - Epoch(val) [17][15590]	mAP: 0.2259
2025-05-05 04:58:09,312 - mmrotate - INFO - Epoch [18][50/366]	lr: 2.500e-05, eta: 0:29:07, time: 0.630, data_time: 0.147, memory: 2991, loss_cls: 0.3006, loss_bbox: 0.6207, loss: 0.9214, grad_norm: 2.8073
2025-05-05 04:58:36,795 - mmrotate - INFO - Epoch [18][100/366]	lr: 2.500e-05, eta: 0:28:36, time: 0.550, data_time: 0.073, memory: 2991, loss_cls: 0.2978, loss_bbox: 0.6062, loss: 0.9039, grad_norm: 2.7036
2025-05-05 04:59:04,799 - mmrotate - INFO - Epoch [18][150/366]	lr: 2.500e-05, eta: 0:28:04, time: 0.560, data_time: 0.080, memory: 2991, loss_cls: 0.3000, loss_bbox: 0.6153, loss: 0.9153, grad_norm: 2.6546
2025-05-05 04:59:33,484 - mmrotate - INFO - Epoch [18][200/366]	lr: 2.500e-05, eta: 0:27:33, time: 0.574, data_time: 0.081, memory: 2991, loss_cls: 0.2971, loss_bbox: 0.6063, loss: 0.9034, grad_norm: 2.6120
2025-05-05 05:00:01,557 - mmrotate - INFO - Epoch [18][250/366]	lr: 2.500e-05, eta: 0:27:02, time: 0.561, data_time: 0.081, memory: 2991, loss_cls: 0.3032, loss_bbox: 0.6143, loss: 0.9175, grad_norm: 2.6455
2025-05-05 05:00:29,724 - mmrotate - INFO - Epoch [18][300/366]	lr: 2.500e-05, eta: 0:26:31, time: 0.563, data_time: 0.082, memory: 2991, loss_cls: 0.3022, loss_bbox: 0.6123, loss: 0.9145, grad_norm: 2.7397
2025-05-05 05:00:58,065 - mmrotate - INFO - Epoch [18][350/366]	lr: 2.500e-05, eta: 0:26:00, time: 0.567, data_time: 0.078, memory: 2991, loss_cls: 0.3038, loss_bbox: 0.6192, loss: 0.9230, grad_norm: 2.7608
2025-05-05 05:01:07,455 - mmrotate - INFO - Saving checkpoint at 18 epochs
2025-05-05 05:06:26,993 - mmrotate - INFO - 
+--------+-------+--------+--------+-------+
| class  | gts   | dets   | recall | ap    |
+--------+-------+--------+--------+-------+
| CFCBK  | 649   | 85526  | 0.558  | 0.303 |
| FCBK   | 11134 | 474682 | 0.417  | 0.131 |
| Zigzag | 9050  | 265666 | 0.520  | 0.247 |
+--------+-------+--------+--------+-------+
| mAP    |       |        |        | 0.227 |
+--------+-------+--------+--------+-------+
2025-05-05 05:06:27,127 - mmrotate - INFO - Exp name: rotated_retinanet_obb_r50_fpn_1x_brickkiln_le90.py
2025-05-05 05:06:27,128 - mmrotate - INFO - Epoch(val) [18][15590]	mAP: 0.2269
2025-05-05 05:07:00,850 - mmrotate - INFO - Epoch [19][50/366]	lr: 2.500e-05, eta: 0:25:18, time: 0.674, data_time: 0.181, memory: 2991, loss_cls: 0.3011, loss_bbox: 0.6223, loss: 0.9234, grad_norm: 2.8027
2025-05-05 05:07:30,030 - mmrotate - INFO - Epoch [19][100/366]	lr: 2.500e-05, eta: 0:24:47, time: 0.584, data_time: 0.094, memory: 2991, loss_cls: 0.2947, loss_bbox: 0.6043, loss: 0.8990, grad_norm: 2.7158
2025-05-05 05:07:58,810 - mmrotate - INFO - Epoch [19][150/366]	lr: 2.500e-05, eta: 0:24:16, time: 0.576, data_time: 0.078, memory: 2991, loss_cls: 0.3031, loss_bbox: 0.6212, loss: 0.9244, grad_norm: 2.6781
2025-05-05 05:08:26,972 - mmrotate - INFO - Epoch [19][200/366]	lr: 2.500e-05, eta: 0:23:45, time: 0.563, data_time: 0.083, memory: 2991, loss_cls: 0.3013, loss_bbox: 0.6163, loss: 0.9176, grad_norm: 2.6613
2025-05-05 05:08:55,955 - mmrotate - INFO - Epoch [19][250/366]	lr: 2.500e-05, eta: 0:23:15, time: 0.580, data_time: 0.083, memory: 2991, loss_cls: 0.3030, loss_bbox: 0.6142, loss: 0.9173, grad_norm: 2.7639
2025-05-05 05:09:25,036 - mmrotate - INFO - Epoch [19][300/366]	lr: 2.500e-05, eta: 0:22:44, time: 0.582, data_time: 0.087, memory: 2991, loss_cls: 0.3011, loss_bbox: 0.6093, loss: 0.9104, grad_norm: 2.7876
2025-05-05 05:09:54,980 - mmrotate - INFO - Epoch [19][350/366]	lr: 2.500e-05, eta: 0:22:14, time: 0.599, data_time: 0.100, memory: 2991, loss_cls: 0.2972, loss_bbox: 0.6119, loss: 0.9090, grad_norm: 2.6922
2025-05-05 05:10:04,723 - mmrotate - INFO - Saving checkpoint at 19 epochs
2025-05-05 05:15:22,314 - mmrotate - INFO - 
+--------+-------+--------+--------+-------+
| class  | gts   | dets   | recall | ap    |
+--------+-------+--------+--------+-------+
| CFCBK  | 649   | 89865  | 0.559  | 0.301 |
| FCBK   | 11134 | 491689 | 0.422  | 0.134 |
| Zigzag | 9050  | 277537 | 0.527  | 0.253 |
+--------+-------+--------+--------+-------+
| mAP    |       |        |        | 0.230 |
+--------+-------+--------+--------+-------+
2025-05-05 05:15:22,775 - mmrotate - INFO - Exp name: rotated_retinanet_obb_r50_fpn_1x_brickkiln_le90.py
2025-05-05 05:15:22,776 - mmrotate - INFO - Epoch(val) [19][15590]	mAP: 0.2296
2025-05-05 05:15:54,976 - mmrotate - INFO - Epoch [20][50/366]	lr: 2.500e-05, eta: 0:21:32, time: 0.644, data_time: 0.145, memory: 2991, loss_cls: 0.3001, loss_bbox: 0.6111, loss: 0.9112, grad_norm: 2.6934
2025-05-05 05:16:24,463 - mmrotate - INFO - Epoch [20][100/366]	lr: 2.500e-05, eta: 0:21:02, time: 0.590, data_time: 0.095, memory: 2991, loss_cls: 0.2992, loss_bbox: 0.6146, loss: 0.9138, grad_norm: 2.7850
2025-05-05 05:16:53,048 - mmrotate - INFO - Epoch [20][150/366]	lr: 2.500e-05, eta: 0:20:31, time: 0.572, data_time: 0.087, memory: 2991, loss_cls: 0.2988, loss_bbox: 0.6050, loss: 0.9038, grad_norm: 2.6002
2025-05-05 05:17:22,940 - mmrotate - INFO - Epoch [20][200/366]	lr: 2.500e-05, eta: 0:20:01, time: 0.598, data_time: 0.099, memory: 2991, loss_cls: 0.2971, loss_bbox: 0.6156, loss: 0.9126, grad_norm: 2.6924
2025-05-05 05:17:51,895 - mmrotate - INFO - Epoch [20][250/366]	lr: 2.500e-05, eta: 0:19:30, time: 0.579, data_time: 0.091, memory: 2991, loss_cls: 0.3027, loss_bbox: 0.6078, loss: 0.9106, grad_norm: 2.6694
2025-05-05 05:18:20,010 - mmrotate - INFO - Epoch [20][300/366]	lr: 2.500e-05, eta: 0:19:00, time: 0.562, data_time: 0.077, memory: 2991, loss_cls: 0.3045, loss_bbox: 0.6182, loss: 0.9227, grad_norm: 2.7855
2025-05-05 05:18:48,088 - mmrotate - INFO - Epoch [20][350/366]	lr: 2.500e-05, eta: 0:18:29, time: 0.562, data_time: 0.074, memory: 2991, loss_cls: 0.3038, loss_bbox: 0.6121, loss: 0.9159, grad_norm: 2.6062
2025-05-05 05:18:57,115 - mmrotate - INFO - Saving checkpoint at 20 epochs
2025-05-05 05:24:44,058 - mmrotate - INFO - 
+--------+-------+--------+--------+-------+
| class  | gts   | dets   | recall | ap    |
+--------+-------+--------+--------+-------+
| CFCBK  | 649   | 89886  | 0.564  | 0.306 |
| FCBK   | 11134 | 474868 | 0.419  | 0.132 |
| Zigzag | 9050  | 269337 | 0.524  | 0.251 |
+--------+-------+--------+--------+-------+
| mAP    |       |        |        | 0.229 |
+--------+-------+--------+--------+-------+
2025-05-05 05:24:44,251 - mmrotate - INFO - Exp name: rotated_retinanet_obb_r50_fpn_1x_brickkiln_le90.py
2025-05-05 05:24:44,253 - mmrotate - INFO - Epoch(val) [20][15590]	mAP: 0.2293
2025-05-05 05:25:18,432 - mmrotate - INFO - Epoch [21][50/366]	lr: 2.500e-05, eta: 0:17:48, time: 0.683, data_time: 0.176, memory: 2991, loss_cls: 0.3012, loss_bbox: 0.6168, loss: 0.9180, grad_norm: 2.7857
2025-05-05 05:25:48,287 - mmrotate - INFO - Epoch [21][100/366]	lr: 2.500e-05, eta: 0:17:18, time: 0.597, data_time: 0.089, memory: 2991, loss_cls: 0.3016, loss_bbox: 0.6143, loss: 0.9159, grad_norm: 2.8047
2025-05-05 05:26:18,226 - mmrotate - INFO - Epoch [21][150/366]	lr: 2.500e-05, eta: 0:16:48, time: 0.599, data_time: 0.091, memory: 2991, loss_cls: 0.3032, loss_bbox: 0.6175, loss: 0.9207, grad_norm: 2.6459
2025-05-05 05:26:47,831 - mmrotate - INFO - Epoch [21][200/366]	lr: 2.500e-05, eta: 0:16:18, time: 0.592, data_time: 0.090, memory: 2991, loss_cls: 0.3007, loss_bbox: 0.6048, loss: 0.9055, grad_norm: 2.8109
2025-05-05 05:27:17,522 - mmrotate - INFO - Epoch [21][250/366]	lr: 2.500e-05, eta: 0:15:48, time: 0.594, data_time: 0.083, memory: 2991, loss_cls: 0.2992, loss_bbox: 0.6031, loss: 0.9023, grad_norm: 2.6727
2025-05-05 05:27:46,869 - mmrotate - INFO - Epoch [21][300/366]	lr: 2.500e-05, eta: 0:15:18, time: 0.587, data_time: 0.081, memory: 2991, loss_cls: 0.2979, loss_bbox: 0.6144, loss: 0.9123, grad_norm: 2.6214
2025-05-05 05:28:18,300 - mmrotate - INFO - Epoch [21][350/366]	lr: 2.500e-05, eta: 0:14:48, time: 0.629, data_time: 0.117, memory: 2991, loss_cls: 0.3010, loss_bbox: 0.6107, loss: 0.9117, grad_norm: 2.6267
2025-05-05 05:28:27,926 - mmrotate - INFO - Saving checkpoint at 21 epochs
2025-05-05 05:34:04,113 - mmrotate - INFO - 
+--------+-------+--------+--------+-------+
| class  | gts   | dets   | recall | ap    |
+--------+-------+--------+--------+-------+
| CFCBK  | 649   | 87806  | 0.562  | 0.304 |
| FCBK   | 11134 | 485527 | 0.420  | 0.133 |
| Zigzag | 9050  | 271903 | 0.525  | 0.252 |
+--------+-------+--------+--------+-------+
| mAP    |       |        |        | 0.230 |
+--------+-------+--------+--------+-------+
2025-05-05 05:34:04,736 - mmrotate - INFO - Exp name: rotated_retinanet_obb_r50_fpn_1x_brickkiln_le90.py
2025-05-05 05:34:04,737 - mmrotate - INFO - Epoch(val) [21][15590]	mAP: 0.2296
2025-05-05 05:34:38,484 - mmrotate - INFO - Epoch [22][50/366]	lr: 2.500e-05, eta: 0:14:07, time: 0.675, data_time: 0.168, memory: 2991, loss_cls: 0.3001, loss_bbox: 0.6060, loss: 0.9061, grad_norm: 2.7663
2025-05-05 05:35:08,885 - mmrotate - INFO - Epoch [22][100/366]	lr: 2.500e-05, eta: 0:13:37, time: 0.608, data_time: 0.086, memory: 2991, loss_cls: 0.3021, loss_bbox: 0.6223, loss: 0.9244, grad_norm: 2.6459
2025-05-05 05:35:39,905 - mmrotate - INFO - Epoch [22][150/366]	lr: 2.500e-05, eta: 0:13:08, time: 0.620, data_time: 0.088, memory: 2991, loss_cls: 0.2992, loss_bbox: 0.6049, loss: 0.9041, grad_norm: 2.6616
2025-05-05 05:36:10,245 - mmrotate - INFO - Epoch [22][200/366]	lr: 2.500e-05, eta: 0:12:38, time: 0.607, data_time: 0.083, memory: 2991, loss_cls: 0.3006, loss_bbox: 0.6205, loss: 0.9211, grad_norm: 2.7834
2025-05-05 05:36:40,621 - mmrotate - INFO - Epoch [22][250/366]	lr: 2.500e-05, eta: 0:12:08, time: 0.608, data_time: 0.078, memory: 2991, loss_cls: 0.3001, loss_bbox: 0.6106, loss: 0.9107, grad_norm: 2.6455
2025-05-05 05:37:10,757 - mmrotate - INFO - Epoch [22][300/366]	lr: 2.500e-05, eta: 0:11:38, time: 0.603, data_time: 0.081, memory: 2991, loss_cls: 0.3001, loss_bbox: 0.6095, loss: 0.9096, grad_norm: 2.7910
2025-05-05 05:37:40,438 - mmrotate - INFO - Epoch [22][350/366]	lr: 2.500e-05, eta: 0:11:08, time: 0.594, data_time: 0.072, memory: 2991, loss_cls: 0.2997, loss_bbox: 0.6135, loss: 0.9131, grad_norm: 2.6921
2025-05-05 05:37:49,843 - mmrotate - INFO - Saving checkpoint at 22 epochs
2025-05-05 05:43:18,259 - mmrotate - INFO - 
+--------+-------+--------+--------+-------+
| class  | gts   | dets   | recall | ap    |
+--------+-------+--------+--------+-------+
| CFCBK  | 649   | 87730  | 0.569  | 0.308 |
| FCBK   | 11134 | 475774 | 0.410  | 0.120 |
| Zigzag | 9050  | 265356 | 0.515  | 0.242 |
+--------+-------+--------+--------+-------+
| mAP    |       |        |        | 0.223 |
+--------+-------+--------+--------+-------+
2025-05-05 05:43:18,445 - mmrotate - INFO - Exp name: rotated_retinanet_obb_r50_fpn_1x_brickkiln_le90.py
2025-05-05 05:43:18,447 - mmrotate - INFO - Epoch(val) [22][15590]	mAP: 0.2232
2025-05-05 05:43:50,806 - mmrotate - INFO - Epoch [23][50/366]	lr: 2.500e-05, eta: 0:10:27, time: 0.647, data_time: 0.145, memory: 2991, loss_cls: 0.2984, loss_bbox: 0.6137, loss: 0.9121, grad_norm: 2.7605
2025-05-05 05:44:20,366 - mmrotate - INFO - Epoch [23][100/366]	lr: 2.500e-05, eta: 0:09:57, time: 0.591, data_time: 0.091, memory: 2991, loss_cls: 0.3004, loss_bbox: 0.6174, loss: 0.9178, grad_norm: 2.6358
2025-05-05 05:44:49,537 - mmrotate - INFO - Epoch [23][150/366]	lr: 2.500e-05, eta: 0:09:27, time: 0.583, data_time: 0.082, memory: 2991, loss_cls: 0.3013, loss_bbox: 0.6143, loss: 0.9156, grad_norm: 2.8467
2025-05-05 05:45:19,232 - mmrotate - INFO - Epoch [23][200/366]	lr: 2.500e-05, eta: 0:08:57, time: 0.594, data_time: 0.080, memory: 2991, loss_cls: 0.3012, loss_bbox: 0.6192, loss: 0.9204, grad_norm: 2.7469
2025-05-05 05:45:48,997 - mmrotate - INFO - Epoch [23][250/366]	lr: 2.500e-05, eta: 0:08:27, time: 0.595, data_time: 0.093, memory: 2991, loss_cls: 0.2994, loss_bbox: 0.6081, loss: 0.9075, grad_norm: 2.6186
2025-05-05 05:46:18,333 - mmrotate - INFO - Epoch [23][300/366]	lr: 2.500e-05, eta: 0:07:57, time: 0.587, data_time: 0.080, memory: 2991, loss_cls: 0.3003, loss_bbox: 0.6099, loss: 0.9102, grad_norm: 2.6673
2025-05-05 05:46:48,746 - mmrotate - INFO - Epoch [23][350/366]	lr: 2.500e-05, eta: 0:07:27, time: 0.608, data_time: 0.092, memory: 2991, loss_cls: 0.2963, loss_bbox: 0.5992, loss: 0.8955, grad_norm: 2.7227
2025-05-05 05:46:58,570 - mmrotate - INFO - Saving checkpoint at 23 epochs
2025-05-05 05:52:31,084 - mmrotate - INFO - 
+--------+-------+--------+--------+-------+
| class  | gts   | dets   | recall | ap    |
+--------+-------+--------+--------+-------+
| CFCBK  | 649   | 88936  | 0.565  | 0.303 |
| FCBK   | 11134 | 472113 | 0.419  | 0.130 |
| Zigzag | 9050  | 263869 | 0.524  | 0.253 |
+--------+-------+--------+--------+-------+
| mAP    |       |        |        | 0.228 |
+--------+-------+--------+--------+-------+
2025-05-05 05:52:31,225 - mmrotate - INFO - Exp name: rotated_retinanet_obb_r50_fpn_1x_brickkiln_le90.py
2025-05-05 05:52:31,226 - mmrotate - INFO - Epoch(val) [23][15590]	mAP: 0.2283
2025-05-05 05:53:05,908 - mmrotate - INFO - Epoch [24][50/366]	lr: 2.500e-05, eta: 0:06:47, time: 0.693, data_time: 0.191, memory: 2991, loss_cls: 0.3019, loss_bbox: 0.6137, loss: 0.9156, grad_norm: 2.7886
2025-05-05 05:53:35,116 - mmrotate - INFO - Epoch [24][100/366]	lr: 2.500e-05, eta: 0:06:18, time: 0.584, data_time: 0.082, memory: 2991, loss_cls: 0.3003, loss_bbox: 0.6075, loss: 0.9078, grad_norm: 2.6996
2025-05-05 05:54:03,355 - mmrotate - INFO - Epoch [24][150/366]	lr: 2.500e-05, eta: 0:05:48, time: 0.565, data_time: 0.070, memory: 2991, loss_cls: 0.2998, loss_bbox: 0.6124, loss: 0.9122, grad_norm: 2.6448
2025-05-05 05:54:31,691 - mmrotate - INFO - Epoch [24][200/366]	lr: 2.500e-05, eta: 0:05:18, time: 0.567, data_time: 0.067, memory: 2991, loss_cls: 0.2997, loss_bbox: 0.6138, loss: 0.9135, grad_norm: 2.6265
2025-05-05 05:54:59,964 - mmrotate - INFO - Epoch [24][250/366]	lr: 2.500e-05, eta: 0:04:48, time: 0.565, data_time: 0.068, memory: 2991, loss_cls: 0.3003, loss_bbox: 0.6007, loss: 0.9010, grad_norm: 2.6544
2025-05-05 05:55:28,168 - mmrotate - INFO - Epoch [24][300/366]	lr: 2.500e-05, eta: 0:04:18, time: 0.564, data_time: 0.066, memory: 2991, loss_cls: 0.2984, loss_bbox: 0.6154, loss: 0.9138, grad_norm: 2.7135
2025-05-05 05:55:56,532 - mmrotate - INFO - Epoch [24][350/366]	lr: 2.500e-05, eta: 0:03:48, time: 0.567, data_time: 0.068, memory: 2991, loss_cls: 0.2973, loss_bbox: 0.6016, loss: 0.8988, grad_norm: 2.7616
2025-05-05 05:56:05,807 - mmrotate - INFO - Saving checkpoint at 24 epochs
2025-05-05 06:01:23,764 - mmrotate - INFO - 
+--------+-------+--------+--------+-------+
| class  | gts   | dets   | recall | ap    |
+--------+-------+--------+--------+-------+
| CFCBK  | 649   | 89433  | 0.558  | 0.298 |
| FCBK   | 11134 | 473155 | 0.420  | 0.133 |
| Zigzag | 9050  | 263747 | 0.524  | 0.253 |
+--------+-------+--------+--------+-------+
| mAP    |       |        |        | 0.228 |
+--------+-------+--------+--------+-------+
2025-05-05 06:01:24,178 - mmrotate - INFO - Exp name: rotated_retinanet_obb_r50_fpn_1x_brickkiln_le90.py
2025-05-05 06:01:24,180 - mmrotate - INFO - Epoch(val) [24][15590]	mAP: 0.2278
2025-05-05 06:01:58,453 - mmrotate - INFO - Epoch [25][50/366]	lr: 2.500e-05, eta: 0:03:08, time: 0.685, data_time: 0.177, memory: 2991, loss_cls: 0.2956, loss_bbox: 0.6053, loss: 0.9009, grad_norm: 2.7272
2025-05-05 06:02:27,200 - mmrotate - INFO - Epoch [25][100/366]	lr: 2.500e-05, eta: 0:02:38, time: 0.575, data_time: 0.075, memory: 2991, loss_cls: 0.2981, loss_bbox: 0.6126, loss: 0.9107, grad_norm: 2.6883
2025-05-05 06:02:56,065 - mmrotate - INFO - Epoch [25][150/366]	lr: 2.500e-05, eta: 0:02:08, time: 0.577, data_time: 0.075, memory: 2991, loss_cls: 0.2974, loss_bbox: 0.6066, loss: 0.9039, grad_norm: 2.7184
2025-05-05 06:03:24,574 - mmrotate - INFO - Epoch [25][200/366]	lr: 2.500e-05, eta: 0:01:38, time: 0.570, data_time: 0.074, memory: 2991, loss_cls: 0.2997, loss_bbox: 0.6092, loss: 0.9089, grad_norm: 2.8803
2025-05-05 06:03:53,071 - mmrotate - INFO - Epoch [25][250/366]	lr: 2.500e-05, eta: 0:01:09, time: 0.570, data_time: 0.073, memory: 2991, loss_cls: 0.3010, loss_bbox: 0.6064, loss: 0.9074, grad_norm: 2.7454
2025-05-05 06:04:21,420 - mmrotate - INFO - Epoch [25][300/366]	lr: 2.500e-05, eta: 0:00:39, time: 0.567, data_time: 0.068, memory: 2991, loss_cls: 0.2993, loss_bbox: 0.5979, loss: 0.8972, grad_norm: 2.6536
2025-05-05 06:04:49,957 - mmrotate - INFO - Epoch [25][350/366]	lr: 2.500e-05, eta: 0:00:09, time: 0.571, data_time: 0.075, memory: 2991, loss_cls: 0.2983, loss_bbox: 0.6107, loss: 0.9090, grad_norm: 2.6331
2025-05-05 06:04:59,196 - mmrotate - INFO - Saving checkpoint at 25 epochs
2025-05-05 06:10:26,845 - mmrotate - INFO - 
+--------+-------+--------+--------+-------+
| class  | gts   | dets   | recall | ap    |
+--------+-------+--------+--------+-------+
| CFCBK  | 649   | 87205  | 0.561  | 0.303 |
| FCBK   | 11134 | 476499 | 0.419  | 0.132 |
| Zigzag | 9050  | 264863 | 0.524  | 0.252 |
+--------+-------+--------+--------+-------+
| mAP    |       |        |        | 0.229 |
+--------+-------+--------+--------+-------+
2025-05-05 06:10:27,428 - mmrotate - INFO - Exp name: rotated_retinanet_obb_r50_fpn_1x_brickkiln_le90.py
2025-05-05 06:10:27,430 - mmrotate - INFO - Epoch(val) [25][15590]	mAP: 0.2290
