2025-05-04 19:08:09,103 - mmrotate - INFO - Environment info:
------------------------------------------------------------
sys.platform: linux
Python: 3.8.20 | packaged by conda-forge | (default, Sep 30 2024, 17:52:49) [GCC 13.3.0]
CUDA available: True
GPU 0: NVIDIA A100-SXM4-80GB
CUDA_HOME: /usr
NVCC: Cuda compilation tools, release 10.1, V10.1.24
GCC: gcc (Ubuntu 9.4.0-1ubuntu1~20.04.2) 9.4.0
PyTorch: 1.9.0+cu111
PyTorch compiling details: PyTorch built with:
  - GCC 7.3
  - C++ Version: 201402
  - Intel(R) Math Kernel Library Version 2020.0.0 Product Build 20191122 for Intel(R) 64 architecture applications
  - Intel(R) MKL-DNN v2.1.2 (Git Hash 98be7e8afa711dc9b66c8ff3504129cb82013cdb)
  - OpenMP 201511 (a.k.a. OpenMP 4.5)
  - NNPACK is enabled
  - CPU capability usage: AVX2
  - CUDA Runtime 11.1
  - NVCC architecture flags: -gencode;arch=compute_37,code=sm_37;-gencode;arch=compute_50,code=sm_50;-gencode;arch=compute_60,code=sm_60;-gencode;arch=compute_70,code=sm_70;-gencode;arch=compute_75,code=sm_75;-gencode;arch=compute_80,code=sm_80;-gencode;arch=compute_86,code=sm_86
  - CuDNN 8.0.5
  - Magma 2.5.2
  - Build settings: BLAS_INFO=mkl, BUILD_TYPE=Release, CUDA_VERSION=11.1, CUDNN_VERSION=8.0.5, CXX_COMPILER=/opt/rh/devtoolset-7/root/usr/bin/c++, CXX_FLAGS= -Wno-deprecated -fvisibility-inlines-hidden -DUSE_PTHREADPOOL -fopenmp -DNDEBUG -DUSE_KINETO -DUSE_FBGEMM -DUSE_QNNPACK -DUSE_PYTORCH_QNNPACK -DUSE_XNNPACK -DSYMBOLICATE_MOBILE_DEBUG_HANDLE -O2 -fPIC -Wno-narrowing -Wall -Wextra -Werror=return-type -Wno-missing-field-initializers -Wno-type-limits -Wno-array-bounds -Wno-unknown-pragmas -Wno-sign-compare -Wno-unused-parameter -Wno-unused-variable -Wno-unused-function -Wno-unused-result -Wno-unused-local-typedefs -Wno-strict-overflow -Wno-strict-aliasing -Wno-error=deprecated-declarations -Wno-stringop-overflow -Wno-psabi -Wno-error=pedantic -Wno-error=redundant-decls -Wno-error=old-style-cast -fdiagnostics-color=always -faligned-new -Wno-unused-but-set-variable -Wno-maybe-uninitialized -fno-math-errno -fno-trapping-math -Werror=format -Wno-stringop-overflow, LAPACK_INFO=mkl, PERF_WITH_AVX=1, PERF_WITH_AVX2=1, PERF_WITH_AVX512=1, TORCH_VERSION=1.9.0, USE_CUDA=ON, USE_CUDNN=ON, USE_EXCEPTION_PTR=1, USE_GFLAGS=OFF, USE_GLOG=OFF, USE_MKL=ON, USE_MKLDNN=ON, USE_MPI=OFF, USE_NCCL=ON, USE_NNPACK=ON, USE_OPENMP=ON, 

TorchVision: 0.10.0+cu111
OpenCV: 4.11.0
MMCV: 1.7.2
MMCV Compiler: GCC 7.3
MMCV CUDA Compiler: 11.1
MMRotate: 0.3.4+b030f38
------------------------------------------------------------

2025-05-04 19:08:09,797 - mmrotate - INFO - Distributed training: True
2025-05-04 19:08:10,514 - mmrotate - INFO - Config:
dataset_type = 'BrickKilnDataset'
data_root = '/home/shardul.junagade/my-work/domain-adaptation-brick-kilns/data/sentinel/'
img_norm_cfg = dict(
    mean=[123.675, 116.28, 103.53], std=[58.395, 57.12, 57.375], to_rgb=True)
train_pipeline = [
    dict(type='LoadImageFromFile'),
    dict(type='LoadAnnotations', with_bbox=True),
    dict(type='RResize', img_scale=(128, 128)),
    dict(
        type='RRandomFlip',
        flip_ratio=[0.25, 0.25, 0.25],
        direction=['horizontal', 'vertical', 'diagonal'],
        version='le90'),
    dict(
        type='Normalize',
        mean=[123.675, 116.28, 103.53],
        std=[58.395, 57.12, 57.375],
        to_rgb=True),
    dict(type='Pad', size_divisor=32),
    dict(type='DefaultFormatBundle'),
    dict(type='Collect', keys=['img', 'gt_bboxes', 'gt_labels'])
]
test_pipeline = [
    dict(type='LoadImageFromFile'),
    dict(
        type='MultiScaleFlipAug',
        img_scale=(128, 128),
        flip=False,
        transforms=[
            dict(type='RResize'),
            dict(
                type='Normalize',
                mean=[123.675, 116.28, 103.53],
                std=[58.395, 57.12, 57.375],
                to_rgb=True),
            dict(type='Pad', size_divisor=32),
            dict(type='DefaultFormatBundle'),
            dict(type='Collect', keys=['img'])
        ])
]
data = dict(
    samples_per_gpu=2,
    workers_per_gpu=2,
    train=dict(
        type='BrickKilnDataset',
        ann_file=
        '/home/shardul.junagade/my-work/domain-adaptation-brick-kilns/data/sentinel/train/annfiles/',
        img_prefix=
        '/home/shardul.junagade/my-work/domain-adaptation-brick-kilns/data/sentinel/train/images/',
        pipeline=[
            dict(type='LoadImageFromFile'),
            dict(type='LoadAnnotations', with_bbox=True),
            dict(type='RResize', img_scale=(128, 128)),
            dict(
                type='RRandomFlip',
                flip_ratio=[0.25, 0.25, 0.25],
                direction=['horizontal', 'vertical', 'diagonal'],
                version='le90'),
            dict(
                type='Normalize',
                mean=[123.675, 116.28, 103.53],
                std=[58.395, 57.12, 57.375],
                to_rgb=True),
            dict(type='Pad', size_divisor=32),
            dict(type='DefaultFormatBundle'),
            dict(type='Collect', keys=['img', 'gt_bboxes', 'gt_labels'])
        ],
        version='le90'),
    val=dict(
        type='BrickKilnDataset',
        ann_file=
        '/home/shardul.junagade/my-work/domain-adaptation-brick-kilns/data/sentinel/train/annfiles/',
        img_prefix=
        '/home/shardul.junagade/my-work/domain-adaptation-brick-kilns/data/sentinel/train/images/',
        pipeline=[
            dict(type='LoadImageFromFile'),
            dict(
                type='MultiScaleFlipAug',
                img_scale=(128, 128),
                flip=False,
                transforms=[
                    dict(type='RResize'),
                    dict(
                        type='Normalize',
                        mean=[123.675, 116.28, 103.53],
                        std=[58.395, 57.12, 57.375],
                        to_rgb=True),
                    dict(type='Pad', size_divisor=32),
                    dict(type='DefaultFormatBundle'),
                    dict(type='Collect', keys=['img'])
                ])
        ],
        version='le90'),
    test=dict(
        type='BrickKilnDataset',
        ann_file=
        '/home/shardul.junagade/my-work/domain-adaptation-brick-kilns/data/sentinel/test/annfiles/',
        img_prefix=
        '/home/shardul.junagade/my-work/domain-adaptation-brick-kilns/data/sentinel/test/images/',
        pipeline=[
            dict(type='LoadImageFromFile'),
            dict(
                type='MultiScaleFlipAug',
                img_scale=(128, 128),
                flip=False,
                transforms=[
                    dict(type='RResize'),
                    dict(
                        type='Normalize',
                        mean=[123.675, 116.28, 103.53],
                        std=[58.395, 57.12, 57.375],
                        to_rgb=True),
                    dict(type='Pad', size_divisor=32),
                    dict(type='DefaultFormatBundle'),
                    dict(type='Collect', keys=['img'])
                ])
        ],
        version='le90'))
evaluation = dict(interval=1, metric='mAP')
optimizer = dict(type='SGD', lr=0.005, momentum=0.9, weight_decay=0.0001)
optimizer_config = dict(grad_clip=dict(max_norm=35, norm_type=2))
lr_config = dict(
    policy='step',
    warmup='linear',
    warmup_iters=500,
    warmup_ratio=0.3333333333333333,
    step=[8, 11])
runner = dict(type='EpochBasedRunner', max_epochs=12)
checkpoint_config = dict(interval=1)
log_config = dict(interval=50, hooks=[dict(type='TextLoggerHook')])
dist_params = dict(backend='nccl')
log_level = 'INFO'
load_from = None
resume_from = None
workflow = [('train', 1)]
opencv_num_threads = 0
mp_start_method = 'fork'
angle_version = 'le90'
model = dict(
    type='OrientedRCNN',
    backbone=dict(
        type='ResNet',
        depth=50,
        num_stages=4,
        out_indices=(0, 1, 2, 3),
        frozen_stages=1,
        norm_cfg=dict(type='BN', requires_grad=True),
        norm_eval=True,
        style='pytorch',
        init_cfg=dict(type='Pretrained', checkpoint='torchvision://resnet50')),
    neck=dict(
        type='FPN',
        in_channels=[256, 512, 1024, 2048],
        out_channels=256,
        num_outs=5),
    rpn_head=dict(
        type='OrientedRPNHead',
        in_channels=256,
        feat_channels=256,
        version='le90',
        anchor_generator=dict(
            type='AnchorGenerator',
            scales=[8],
            ratios=[0.5, 1.0, 2.0],
            strides=[4, 8, 16, 32, 64]),
        bbox_coder=dict(
            type='MidpointOffsetCoder',
            angle_range='le90',
            target_means=[0.0, 0.0, 0.0, 0.0, 0.0, 0.0],
            target_stds=[1.0, 1.0, 1.0, 1.0, 0.5, 0.5]),
        loss_cls=dict(
            type='CrossEntropyLoss', use_sigmoid=True, loss_weight=1.0),
        loss_bbox=dict(
            type='SmoothL1Loss', beta=0.1111111111111111, loss_weight=1.0)),
    roi_head=dict(
        type='OrientedStandardRoIHead',
        bbox_roi_extractor=dict(
            type='RotatedSingleRoIExtractor',
            roi_layer=dict(
                type='RoIAlignRotated',
                out_size=7,
                sample_num=2,
                clockwise=True),
            out_channels=256,
            featmap_strides=[4, 8, 16, 32]),
        bbox_head=dict(
            type='RotatedShared2FCBBoxHead',
            in_channels=256,
            fc_out_channels=1024,
            roi_feat_size=7,
            num_classes=3,
            bbox_coder=dict(
                type='DeltaXYWHAOBBoxCoder',
                angle_range='le90',
                norm_factor=None,
                edge_swap=True,
                proj_xy=True,
                target_means=(0.0, 0.0, 0.0, 0.0, 0.0),
                target_stds=(0.1, 0.1, 0.2, 0.2, 0.1)),
            reg_class_agnostic=True,
            loss_cls=dict(
                type='CrossEntropyLoss', use_sigmoid=False, loss_weight=1.0),
            loss_bbox=dict(type='SmoothL1Loss', beta=1.0, loss_weight=1.0))),
    train_cfg=dict(
        rpn=dict(
            assigner=dict(
                type='MaxIoUAssigner',
                pos_iou_thr=0.7,
                neg_iou_thr=0.3,
                min_pos_iou=0.3,
                match_low_quality=True,
                ignore_iof_thr=-1),
            sampler=dict(
                type='RandomSampler',
                num=256,
                pos_fraction=0.5,
                neg_pos_ub=-1,
                add_gt_as_proposals=False),
            allowed_border=0,
            pos_weight=-1,
            debug=False),
        rpn_proposal=dict(
            nms_pre=2000,
            max_per_img=2000,
            nms=dict(type='nms', iou_threshold=0.8),
            min_bbox_size=0),
        rcnn=dict(
            assigner=dict(
                type='MaxIoUAssigner',
                pos_iou_thr=0.5,
                neg_iou_thr=0.5,
                min_pos_iou=0.5,
                match_low_quality=False,
                iou_calculator=dict(type='RBboxOverlaps2D'),
                ignore_iof_thr=-1),
            sampler=dict(
                type='RRandomSampler',
                num=512,
                pos_fraction=0.25,
                neg_pos_ub=-1,
                add_gt_as_proposals=True),
            pos_weight=-1,
            debug=False)),
    test_cfg=dict(
        rpn=dict(
            nms_pre=2000,
            max_per_img=2000,
            nms=dict(type='nms', iou_threshold=0.8),
            min_bbox_size=0),
        rcnn=dict(
            nms_pre=2000,
            min_bbox_size=0,
            score_thr=0.05,
            nms=dict(iou_thr=0.1),
            max_per_img=2000)))
work_dir = './work_dirs/oriented_rcnn_r50_fpn_1x_brickkiln_le90'
auto_resume = False
gpu_ids = range(0, 1)

2025-05-04 19:08:10,514 - mmrotate - INFO - Set random seed to 0, deterministic: False
2025-05-04 19:09:51,217 - mmrotate - INFO - Start running, host: shardul.junagade@ramanujan, work_dir: /home/shardul.junagade/my-work/domain-adaptation-brick-kilns/mmrotate/work_dirs/oriented_rcnn_r50_fpn_1x_brickkiln_le90
2025-05-04 19:09:51,218 - mmrotate - INFO - Hooks will be executed in the following order:
before_run:
(VERY_HIGH   ) StepLrUpdaterHook                  
(NORMAL      ) CheckpointHook                     
(LOW         ) DistEvalHook                       
(VERY_LOW    ) TextLoggerHook                     
 -------------------- 
before_train_epoch:
(VERY_HIGH   ) StepLrUpdaterHook                  
(NORMAL      ) DistSamplerSeedHook                
(LOW         ) IterTimerHook                      
(LOW         ) DistEvalHook                       
(VERY_LOW    ) TextLoggerHook                     
 -------------------- 
before_train_iter:
(VERY_HIGH   ) StepLrUpdaterHook                  
(LOW         ) IterTimerHook                      
(LOW         ) DistEvalHook                       
 -------------------- 
after_train_iter:
(ABOVE_NORMAL) OptimizerHook                      
(NORMAL      ) CheckpointHook                     
(LOW         ) IterTimerHook                      
(LOW         ) DistEvalHook                       
(VERY_LOW    ) TextLoggerHook                     
 -------------------- 
after_train_epoch:
(NORMAL      ) CheckpointHook                     
(LOW         ) DistEvalHook                       
(VERY_LOW    ) TextLoggerHook                     
 -------------------- 
before_val_epoch:
(NORMAL      ) DistSamplerSeedHook                
(LOW         ) IterTimerHook                      
(VERY_LOW    ) TextLoggerHook                     
 -------------------- 
before_val_iter:
(LOW         ) IterTimerHook                      
 -------------------- 
after_val_iter:
(LOW         ) IterTimerHook                      
 -------------------- 
after_val_epoch:
(VERY_LOW    ) TextLoggerHook                     
 -------------------- 
after_run:
(VERY_LOW    ) TextLoggerHook                     
 -------------------- 
2025-05-04 19:09:51,218 - mmrotate - INFO - workflow: [('train', 1)], max: 12 epochs
2025-05-04 19:09:51,218 - mmrotate - INFO - Checkpoints will be saved to /home/shardul.junagade/my-work/domain-adaptation-brick-kilns/mmrotate/work_dirs/oriented_rcnn_r50_fpn_1x_brickkiln_le90 by HardDiskBackend.
2025-05-04 19:10:03,194 - mmrotate - INFO - Epoch [1][50/227]	lr: 1.993e-03, eta: 0:10:40, time: 0.239, data_time: 0.047, memory: 838, loss_rpn_cls: 0.1287, loss_rpn_bbox: 0.0003, loss_cls: 0.1359, acc: 97.0586, loss_bbox: 0.0074, loss: 0.2723, grad_norm: 5.9347
2025-05-04 19:10:06,889 - mmrotate - INFO - Epoch [1][100/227]	lr: 2.327e-03, eta: 0:06:51, time: 0.074, data_time: 0.002, memory: 838, loss_rpn_cls: 0.0005, loss_rpn_bbox: 0.0000, loss_cls: 0.0198, acc: 99.6660, loss_bbox: 0.0010, loss: 0.0213, grad_norm: 0.7657
2025-05-04 19:10:10,491 - mmrotate - INFO - Epoch [1][150/227]	lr: 2.660e-03, eta: 0:05:30, time: 0.072, data_time: 0.002, memory: 838, loss_rpn_cls: 0.0157, loss_rpn_bbox: 0.0030, loss_cls: 0.0405, acc: 99.5645, loss_bbox: 0.0014, loss: 0.0605, grad_norm: 1.4609
2025-05-04 19:10:14,183 - mmrotate - INFO - Epoch [1][200/227]	lr: 2.993e-03, eta: 0:04:49, time: 0.074, data_time: 0.002, memory: 838, loss_rpn_cls: 0.0075, loss_rpn_bbox: 0.0020, loss_cls: 0.2269, acc: 99.5977, loss_bbox: 0.0048, loss: 0.2412, grad_norm: 1.6330
2025-05-04 19:10:16,259 - mmrotate - INFO - Saving checkpoint at 1 epochs
2025-05-04 19:10:34,280 - mmrotate - INFO - 
+--------+-----+-------+--------+-------+
| class  | gts | dets  | recall | ap    |
+--------+-----+-------+--------+-------+
| CFCBK  | 9   | 9372  | 0.000  | 0.000 |
| FCBK   | 54  | 9442  | 0.000  | 0.000 |
| Zigzag | 790 | 13018 | 0.016  | 0.000 |
+--------+-----+-------+--------+-------+
| mAP    |     |       |        | 0.000 |
+--------+-----+-------+--------+-------+
2025-05-04 19:10:34,860 - mmrotate - INFO - Exp name: oriented_rcnn_r50_fpn_1x_brickkiln_le90.py
2025-05-04 19:10:34,860 - mmrotate - INFO - Epoch(val) [1][454]	mAP: 0.0000
2025-05-04 19:10:40,898 - mmrotate - INFO - Epoch [2][50/227]	lr: 3.507e-03, eta: 0:04:16, time: 0.121, data_time: 0.046, memory: 838, loss_rpn_cls: 0.0110, loss_rpn_bbox: 0.0029, loss_cls: 0.0629, acc: 99.5723, loss_bbox: 0.0035, loss: 0.0803, grad_norm: 0.9860
2025-05-04 19:10:44,752 - mmrotate - INFO - Epoch [2][100/227]	lr: 3.840e-03, eta: 0:04:00, time: 0.077, data_time: 0.003, memory: 838, loss_rpn_cls: 0.0000, loss_rpn_bbox: 0.0000, loss_cls: 0.0307, acc: 99.5996, loss_bbox: 0.0040, loss: 0.0347, grad_norm: 0.7646
2025-05-04 19:10:48,559 - mmrotate - INFO - Epoch [2][150/227]	lr: 4.173e-03, eta: 0:03:48, time: 0.076, data_time: 0.003, memory: 838, loss_rpn_cls: 0.0082, loss_rpn_bbox: 0.0014, loss_cls: 0.0263, acc: 99.6270, loss_bbox: 0.0025, loss: 0.0384, grad_norm: 1.0954
2025-05-04 19:10:52,518 - mmrotate - INFO - Epoch [2][200/227]	lr: 4.507e-03, eta: 0:03:38, time: 0.079, data_time: 0.003, memory: 838, loss_rpn_cls: 0.0014, loss_rpn_bbox: 0.0000, loss_cls: 0.0171, acc: 99.5859, loss_bbox: 0.0013, loss: 0.0199, grad_norm: 0.5854
2025-05-04 19:10:54,699 - mmrotate - INFO - Saving checkpoint at 2 epochs
2025-05-04 19:11:13,335 - mmrotate - INFO - 
+--------+-----+------+--------+-------+
| class  | gts | dets | recall | ap    |
+--------+-----+------+--------+-------+
| CFCBK  | 9   | 0    | 0.000  | 0.000 |
| FCBK   | 54  | 0    | 0.000  | 0.000 |
| Zigzag | 790 | 613  | 0.008  | 0.008 |
+--------+-----+------+--------+-------+
| mAP    |     |      |        | 0.003 |
+--------+-----+------+--------+-------+
2025-05-04 19:11:14,040 - mmrotate - INFO - Exp name: oriented_rcnn_r50_fpn_1x_brickkiln_le90.py
2025-05-04 19:11:14,041 - mmrotate - INFO - Epoch(val) [2][454]	mAP: 0.0028
2025-05-04 19:11:20,219 - mmrotate - INFO - Epoch [3][50/227]	lr: 5.000e-03, eta: 0:03:26, time: 0.123, data_time: 0.046, memory: 838, loss_rpn_cls: 0.0047, loss_rpn_bbox: 0.0005, loss_cls: 0.0114, acc: 99.6836, loss_bbox: 0.0010, loss: 0.0176, grad_norm: 0.4689
2025-05-04 19:11:24,207 - mmrotate - INFO - Epoch [3][100/227]	lr: 5.000e-03, eta: 0:03:18, time: 0.080, data_time: 0.003, memory: 838, loss_rpn_cls: 0.0042, loss_rpn_bbox: 0.0005, loss_cls: 0.0108, acc: 99.7344, loss_bbox: 0.0009, loss: 0.0165, grad_norm: 0.5979
2025-05-04 19:11:28,415 - mmrotate - INFO - Epoch [3][150/227]	lr: 5.000e-03, eta: 0:03:12, time: 0.084, data_time: 0.006, memory: 838, loss_rpn_cls: 0.0003, loss_rpn_bbox: 0.0000, loss_cls: 0.0115, acc: 99.6426, loss_bbox: 0.0061, loss: 0.0179, grad_norm: 0.5684
2025-05-04 19:11:32,307 - mmrotate - INFO - Epoch [3][200/227]	lr: 5.000e-03, eta: 0:03:06, time: 0.078, data_time: 0.003, memory: 838, loss_rpn_cls: 0.0020, loss_rpn_bbox: 0.0003, loss_cls: 0.0121, acc: 99.5879, loss_bbox: 0.0069, loss: 0.0213, grad_norm: 0.6252
2025-05-04 19:11:34,579 - mmrotate - INFO - Saving checkpoint at 3 epochs
2025-05-04 19:11:52,360 - mmrotate - INFO - 
+--------+-----+------+--------+-------+
| class  | gts | dets | recall | ap    |
+--------+-----+------+--------+-------+
| CFCBK  | 9   | 10   | 0.000  | 0.000 |
| FCBK   | 54  | 9    | 0.000  | 0.000 |
| Zigzag | 790 | 784  | 0.028  | 0.023 |
+--------+-----+------+--------+-------+
| mAP    |     |      |        | 0.008 |
+--------+-----+------+--------+-------+
2025-05-04 19:11:52,527 - mmrotate - INFO - Exp name: oriented_rcnn_r50_fpn_1x_brickkiln_le90.py
2025-05-04 19:11:52,527 - mmrotate - INFO - Epoch(val) [3][454]	mAP: 0.0076
2025-05-04 19:11:58,574 - mmrotate - INFO - Epoch [4][50/227]	lr: 5.000e-03, eta: 0:02:56, time: 0.121, data_time: 0.046, memory: 838, loss_rpn_cls: 0.0081, loss_rpn_bbox: 0.0016, loss_cls: 0.0066, acc: 99.8320, loss_bbox: 0.0019, loss: 0.0182, grad_norm: 0.4094
2025-05-04 19:12:02,463 - mmrotate - INFO - Epoch [4][100/227]	lr: 5.000e-03, eta: 0:02:51, time: 0.078, data_time: 0.003, memory: 838, loss_rpn_cls: 0.0006, loss_rpn_bbox: 0.0000, loss_cls: 0.0136, acc: 99.6777, loss_bbox: 0.0056, loss: 0.0198, grad_norm: 0.6458
2025-05-04 19:12:06,489 - mmrotate - INFO - Epoch [4][150/227]	lr: 5.000e-03, eta: 0:02:45, time: 0.081, data_time: 0.003, memory: 838, loss_rpn_cls: 0.0014, loss_rpn_bbox: 0.0002, loss_cls: 0.0114, acc: 99.6738, loss_bbox: 0.0084, loss: 0.0214, grad_norm: 0.4552
2025-05-04 19:12:10,469 - mmrotate - INFO - Epoch [4][200/227]	lr: 5.000e-03, eta: 0:02:40, time: 0.080, data_time: 0.003, memory: 838, loss_rpn_cls: 0.0001, loss_rpn_bbox: 0.0000, loss_cls: 0.0127, acc: 99.5996, loss_bbox: 0.0157, loss: 0.0286, grad_norm: 0.4968
2025-05-04 19:12:12,833 - mmrotate - INFO - Saving checkpoint at 4 epochs
2025-05-04 19:12:31,536 - mmrotate - INFO - 
+--------+-----+------+--------+-------+
| class  | gts | dets | recall | ap    |
+--------+-----+------+--------+-------+
| CFCBK  | 9   | 166  | 0.000  | 0.000 |
| FCBK   | 54  | 157  | 0.000  | 0.000 |
| Zigzag | 790 | 2780 | 0.238  | 0.089 |
+--------+-----+------+--------+-------+
| mAP    |     |      |        | 0.030 |
+--------+-----+------+--------+-------+
2025-05-04 19:12:31,626 - mmrotate - INFO - Exp name: oriented_rcnn_r50_fpn_1x_brickkiln_le90.py
2025-05-04 19:12:31,626 - mmrotate - INFO - Epoch(val) [4][454]	mAP: 0.0297
2025-05-04 19:12:37,779 - mmrotate - INFO - Epoch [5][50/227]	lr: 5.000e-03, eta: 0:02:32, time: 0.123, data_time: 0.047, memory: 838, loss_rpn_cls: 0.0033, loss_rpn_bbox: 0.0003, loss_cls: 0.0105, acc: 99.7012, loss_bbox: 0.0062, loss: 0.0203, grad_norm: 0.4629
2025-05-04 19:12:41,515 - mmrotate - INFO - Epoch [5][100/227]	lr: 5.000e-03, eta: 0:02:27, time: 0.075, data_time: 0.003, memory: 838, loss_rpn_cls: 0.0001, loss_rpn_bbox: 0.0000, loss_cls: 0.0086, acc: 99.8359, loss_bbox: 0.0020, loss: 0.0106, grad_norm: 0.3485
2025-05-04 19:12:45,337 - mmrotate - INFO - Epoch [5][150/227]	lr: 5.000e-03, eta: 0:02:22, time: 0.076, data_time: 0.003, memory: 838, loss_rpn_cls: 0.0033, loss_rpn_bbox: 0.0005, loss_cls: 0.0054, acc: 99.8984, loss_bbox: 0.0012, loss: 0.0104, grad_norm: 0.2742
2025-05-04 19:12:49,441 - mmrotate - INFO - Epoch [5][200/227]	lr: 5.000e-03, eta: 0:02:18, time: 0.082, data_time: 0.009, memory: 838, loss_rpn_cls: 0.0001, loss_rpn_bbox: 0.0000, loss_cls: 0.0077, acc: 99.7793, loss_bbox: 0.0041, loss: 0.0119, grad_norm: 0.4232
2025-05-04 19:12:51,526 - mmrotate - INFO - Saving checkpoint at 5 epochs
2025-05-04 19:13:10,086 - mmrotate - INFO - 
+--------+-----+------+--------+-------+
| class  | gts | dets | recall | ap    |
+--------+-----+------+--------+-------+
| CFCBK  | 9   | 0    | 0.000  | 0.000 |
| FCBK   | 54  | 35   | 0.000  | 0.000 |
| Zigzag | 790 | 668  | 0.028  | 0.009 |
+--------+-----+------+--------+-------+
| mAP    |     |      |        | 0.003 |
+--------+-----+------+--------+-------+
2025-05-04 19:13:10,162 - mmrotate - INFO - Exp name: oriented_rcnn_r50_fpn_1x_brickkiln_le90.py
2025-05-04 19:13:10,163 - mmrotate - INFO - Epoch(val) [5][454]	mAP: 0.0029
2025-05-04 19:13:16,197 - mmrotate - INFO - Epoch [6][50/227]	lr: 5.000e-03, eta: 0:02:10, time: 0.121, data_time: 0.046, memory: 838, loss_rpn_cls: 0.0013, loss_rpn_bbox: 0.0002, loss_cls: 0.0081, acc: 99.7754, loss_bbox: 0.0034, loss: 0.0130, grad_norm: 0.4405
2025-05-04 19:13:20,041 - mmrotate - INFO - Epoch [6][100/227]	lr: 5.000e-03, eta: 0:02:05, time: 0.077, data_time: 0.003, memory: 838, loss_rpn_cls: 0.0003, loss_rpn_bbox: 0.0000, loss_cls: 0.0093, acc: 99.7520, loss_bbox: 0.0054, loss: 0.0149, grad_norm: 0.3833
2025-05-04 19:13:24,016 - mmrotate - INFO - Epoch [6][150/227]	lr: 5.000e-03, eta: 0:02:01, time: 0.079, data_time: 0.004, memory: 838, loss_rpn_cls: 0.0008, loss_rpn_bbox: 0.0001, loss_cls: 0.0088, acc: 99.7715, loss_bbox: 0.0050, loss: 0.0147, grad_norm: 0.3859
2025-05-04 19:13:27,885 - mmrotate - INFO - Epoch [6][200/227]	lr: 5.000e-03, eta: 0:01:56, time: 0.077, data_time: 0.003, memory: 838, loss_rpn_cls: 0.0002, loss_rpn_bbox: 0.0000, loss_cls: 0.0090, acc: 99.7500, loss_bbox: 0.0043, loss: 0.0136, grad_norm: 0.4651
2025-05-04 19:13:30,339 - mmrotate - INFO - Saving checkpoint at 6 epochs
2025-05-04 19:13:48,183 - mmrotate - INFO - 
+--------+-----+------+--------+-------+
| class  | gts | dets | recall | ap    |
+--------+-----+------+--------+-------+
| CFCBK  | 9   | 0    | 0.000  | 0.000 |
| FCBK   | 54  | 23   | 0.000  | 0.000 |
| Zigzag | 790 | 2160 | 0.137  | 0.103 |
+--------+-----+------+--------+-------+
| mAP    |     |      |        | 0.034 |
+--------+-----+------+--------+-------+
2025-05-04 19:13:48,864 - mmrotate - INFO - Exp name: oriented_rcnn_r50_fpn_1x_brickkiln_le90.py
2025-05-04 19:13:48,864 - mmrotate - INFO - Epoch(val) [6][454]	mAP: 0.0343
2025-05-04 19:13:55,024 - mmrotate - INFO - Epoch [7][50/227]	lr: 5.000e-03, eta: 0:01:50, time: 0.123, data_time: 0.049, memory: 838, loss_rpn_cls: 0.0060, loss_rpn_bbox: 0.0013, loss_cls: 0.0074, acc: 99.8340, loss_bbox: 0.0042, loss: 0.0189, grad_norm: 0.4231
2025-05-04 19:13:58,969 - mmrotate - INFO - Epoch [7][100/227]	lr: 5.000e-03, eta: 0:01:45, time: 0.079, data_time: 0.005, memory: 838, loss_rpn_cls: 0.0004, loss_rpn_bbox: 0.0000, loss_cls: 0.0138, acc: 99.5098, loss_bbox: 0.0182, loss: 0.0324, grad_norm: 0.5925
2025-05-04 19:14:02,731 - mmrotate - INFO - Epoch [7][150/227]	lr: 5.000e-03, eta: 0:01:41, time: 0.075, data_time: 0.003, memory: 838, loss_rpn_cls: 0.0015, loss_rpn_bbox: 0.0002, loss_cls: 0.0160, acc: 99.4824, loss_bbox: 0.0205, loss: 0.0382, grad_norm: 0.6435
2025-05-04 19:14:06,448 - mmrotate - INFO - Epoch [7][200/227]	lr: 5.000e-03, eta: 0:01:36, time: 0.074, data_time: 0.002, memory: 838, loss_rpn_cls: 0.0003, loss_rpn_bbox: 0.0000, loss_cls: 0.0136, acc: 99.5957, loss_bbox: 0.0161, loss: 0.0300, grad_norm: 0.5457
2025-05-04 19:14:08,682 - mmrotate - INFO - Saving checkpoint at 7 epochs
2025-05-04 19:14:27,128 - mmrotate - INFO - 
+--------+-----+------+--------+-------+
| class  | gts | dets | recall | ap    |
+--------+-----+------+--------+-------+
| CFCBK  | 9   | 0    | 0.000  | 0.000 |
| FCBK   | 54  | 39   | 0.000  | 0.000 |
| Zigzag | 790 | 1067 | 0.271  | 0.106 |
+--------+-----+------+--------+-------+
| mAP    |     |      |        | 0.035 |
+--------+-----+------+--------+-------+
2025-05-04 19:14:27,520 - mmrotate - INFO - Exp name: oriented_rcnn_r50_fpn_1x_brickkiln_le90.py
2025-05-04 19:14:27,521 - mmrotate - INFO - Epoch(val) [7][454]	mAP: 0.0353
2025-05-04 19:14:33,454 - mmrotate - INFO - Epoch [8][50/227]	lr: 5.000e-03, eta: 0:01:29, time: 0.119, data_time: 0.046, memory: 838, loss_rpn_cls: 0.0002, loss_rpn_bbox: 0.0000, loss_cls: 0.0133, acc: 99.5410, loss_bbox: 0.0164, loss: 0.0299, grad_norm: 0.5498
2025-05-04 19:14:37,820 - mmrotate - INFO - Epoch [8][100/227]	lr: 5.000e-03, eta: 0:01:25, time: 0.087, data_time: 0.013, memory: 838, loss_rpn_cls: 0.0008, loss_rpn_bbox: 0.0001, loss_cls: 0.0130, acc: 99.5879, loss_bbox: 0.0172, loss: 0.0312, grad_norm: 0.4770
2025-05-04 19:14:41,738 - mmrotate - INFO - Epoch [8][150/227]	lr: 5.000e-03, eta: 0:01:21, time: 0.078, data_time: 0.006, memory: 838, loss_rpn_cls: 0.0015, loss_rpn_bbox: 0.0003, loss_cls: 0.0129, acc: 99.6152, loss_bbox: 0.0131, loss: 0.0278, grad_norm: 0.4635
2025-05-04 19:14:45,546 - mmrotate - INFO - Epoch [8][200/227]	lr: 5.000e-03, eta: 0:01:17, time: 0.076, data_time: 0.003, memory: 838, loss_rpn_cls: 0.0008, loss_rpn_bbox: 0.0000, loss_cls: 0.0130, acc: 99.6016, loss_bbox: 0.0160, loss: 0.0298, grad_norm: 0.4474
2025-05-04 19:14:47,730 - mmrotate - INFO - Saving checkpoint at 8 epochs
2025-05-04 19:15:06,018 - mmrotate - INFO - 
+--------+-----+------+--------+-------+
| class  | gts | dets | recall | ap    |
+--------+-----+------+--------+-------+
| CFCBK  | 9   | 422  | 0.000  | 0.000 |
| FCBK   | 54  | 492  | 0.093  | 0.001 |
| Zigzag | 790 | 1750 | 0.285  | 0.154 |
+--------+-----+------+--------+-------+
| mAP    |     |      |        | 0.052 |
+--------+-----+------+--------+-------+
2025-05-04 19:15:06,318 - mmrotate - INFO - Exp name: oriented_rcnn_r50_fpn_1x_brickkiln_le90.py
2025-05-04 19:15:06,318 - mmrotate - INFO - Epoch(val) [8][454]	mAP: 0.0516
2025-05-04 19:15:12,294 - mmrotate - INFO - Epoch [9][50/227]	lr: 5.000e-04, eta: 0:01:10, time: 0.119, data_time: 0.045, memory: 838, loss_rpn_cls: 0.0017, loss_rpn_bbox: 0.0005, loss_cls: 0.0101, acc: 99.7539, loss_bbox: 0.0110, loss: 0.0233, grad_norm: 0.3493
2025-05-04 19:15:16,206 - mmrotate - INFO - Epoch [9][100/227]	lr: 5.000e-04, eta: 0:01:06, time: 0.078, data_time: 0.003, memory: 838, loss_rpn_cls: 0.0008, loss_rpn_bbox: 0.0002, loss_cls: 0.0119, acc: 99.7031, loss_bbox: 0.0146, loss: 0.0275, grad_norm: 0.3729
2025-05-04 19:15:20,200 - mmrotate - INFO - Epoch [9][150/227]	lr: 5.000e-04, eta: 0:01:02, time: 0.080, data_time: 0.005, memory: 838, loss_rpn_cls: 0.0010, loss_rpn_bbox: 0.0002, loss_cls: 0.0163, acc: 99.5684, loss_bbox: 0.0199, loss: 0.0374, grad_norm: 0.4876
2025-05-04 19:15:24,091 - mmrotate - INFO - Epoch [9][200/227]	lr: 5.000e-04, eta: 0:00:58, time: 0.078, data_time: 0.002, memory: 838, loss_rpn_cls: 0.0008, loss_rpn_bbox: 0.0000, loss_cls: 0.0144, acc: 99.5938, loss_bbox: 0.0172, loss: 0.0324, grad_norm: 0.4374
2025-05-04 19:15:26,389 - mmrotate - INFO - Saving checkpoint at 9 epochs
2025-05-04 19:15:46,353 - mmrotate - INFO - 
+--------+-----+------+--------+-------+
| class  | gts | dets | recall | ap    |
+--------+-----+------+--------+-------+
| CFCBK  | 9   | 2158 | 0.000  | 0.000 |
| FCBK   | 54  | 2190 | 0.111  | 0.000 |
| Zigzag | 790 | 3642 | 0.452  | 0.266 |
+--------+-----+------+--------+-------+
| mAP    |     |      |        | 0.089 |
+--------+-----+------+--------+-------+
2025-05-04 19:15:46,665 - mmrotate - INFO - Exp name: oriented_rcnn_r50_fpn_1x_brickkiln_le90.py
2025-05-04 19:15:46,665 - mmrotate - INFO - Epoch(val) [9][454]	mAP: 0.0888
2025-05-04 19:15:53,478 - mmrotate - INFO - Epoch [10][50/227]	lr: 5.000e-04, eta: 0:00:52, time: 0.136, data_time: 0.047, memory: 838, loss_rpn_cls: 0.0015, loss_rpn_bbox: 0.0004, loss_cls: 0.0159, acc: 99.6270, loss_bbox: 0.0186, loss: 0.0365, grad_norm: 0.4350
2025-05-04 19:16:00,532 - mmrotate - INFO - Epoch [10][100/227]	lr: 5.000e-04, eta: 0:00:48, time: 0.141, data_time: 0.003, memory: 838, loss_rpn_cls: 0.0001, loss_rpn_bbox: 0.0000, loss_cls: 0.0175, acc: 99.5645, loss_bbox: 0.0233, loss: 0.0410, grad_norm: 0.4787
2025-05-04 19:16:07,104 - mmrotate - INFO - Epoch [10][150/227]	lr: 5.000e-04, eta: 0:00:45, time: 0.131, data_time: 0.006, memory: 838, loss_rpn_cls: 0.0021, loss_rpn_bbox: 0.0004, loss_cls: 0.0172, acc: 99.5898, loss_bbox: 0.0163, loss: 0.0361, grad_norm: 0.4744
2025-05-04 19:16:14,001 - mmrotate - INFO - Epoch [10][200/227]	lr: 5.000e-04, eta: 0:00:41, time: 0.138, data_time: 0.006, memory: 838, loss_rpn_cls: 0.0001, loss_rpn_bbox: 0.0000, loss_cls: 0.0171, acc: 99.5508, loss_bbox: 0.0224, loss: 0.0396, grad_norm: 0.4889
2025-05-04 19:16:17,861 - mmrotate - INFO - Saving checkpoint at 10 epochs
2025-05-04 19:16:42,651 - mmrotate - INFO - 
+--------+-----+------+--------+-------+
| class  | gts | dets | recall | ap    |
+--------+-----+------+--------+-------+
| CFCBK  | 9   | 2967 | 0.000  | 0.000 |
| FCBK   | 54  | 3009 | 0.093  | 0.000 |
| Zigzag | 790 | 4295 | 0.473  | 0.243 |
+--------+-----+------+--------+-------+
| mAP    |     |      |        | 0.081 |
+--------+-----+------+--------+-------+
2025-05-04 19:16:43,323 - mmrotate - INFO - Exp name: oriented_rcnn_r50_fpn_1x_brickkiln_le90.py
2025-05-04 19:16:43,324 - mmrotate - INFO - Epoch(val) [10][454]	mAP: 0.0810
2025-05-04 19:16:52,251 - mmrotate - INFO - Epoch [11][50/227]	lr: 5.000e-04, eta: 0:00:35, time: 0.178, data_time: 0.047, memory: 838, loss_rpn_cls: 0.0017, loss_rpn_bbox: 0.0004, loss_cls: 0.0210, acc: 99.5586, loss_bbox: 0.0194, loss: 0.0425, grad_norm: 0.5015
2025-05-04 19:16:58,644 - mmrotate - INFO - Epoch [11][100/227]	lr: 5.000e-04, eta: 0:00:31, time: 0.128, data_time: 0.004, memory: 838, loss_rpn_cls: 0.0001, loss_rpn_bbox: 0.0000, loss_cls: 0.0202, acc: 99.5195, loss_bbox: 0.0227, loss: 0.0430, grad_norm: 0.5107
2025-05-04 19:17:05,377 - mmrotate - INFO - Epoch [11][150/227]	lr: 5.000e-04, eta: 0:00:27, time: 0.135, data_time: 0.002, memory: 838, loss_rpn_cls: 0.0006, loss_rpn_bbox: 0.0002, loss_cls: 0.0226, acc: 99.4570, loss_bbox: 0.0268, loss: 0.0502, grad_norm: 0.5468
2025-05-04 19:17:12,255 - mmrotate - INFO - Epoch [11][200/227]	lr: 5.000e-04, eta: 0:00:22, time: 0.138, data_time: 0.008, memory: 838, loss_rpn_cls: 0.0025, loss_rpn_bbox: 0.0004, loss_cls: 0.0203, acc: 99.5371, loss_bbox: 0.0244, loss: 0.0476, grad_norm: 0.5800
2025-05-04 19:17:16,126 - mmrotate - INFO - Saving checkpoint at 11 epochs
2025-05-04 19:17:40,076 - mmrotate - INFO - 
+--------+-----+------+--------+-------+
| class  | gts | dets | recall | ap    |
+--------+-----+------+--------+-------+
| CFCBK  | 9   | 2946 | 0.000  | 0.000 |
| FCBK   | 54  | 2918 | 0.074  | 0.000 |
| Zigzag | 790 | 4256 | 0.429  | 0.246 |
+--------+-----+------+--------+-------+
| mAP    |     |      |        | 0.082 |
+--------+-----+------+--------+-------+
2025-05-04 19:17:40,422 - mmrotate - INFO - Exp name: oriented_rcnn_r50_fpn_1x_brickkiln_le90.py
2025-05-04 19:17:40,422 - mmrotate - INFO - Epoch(val) [11][454]	mAP: 0.0819
2025-05-04 19:17:49,537 - mmrotate - INFO - Epoch [12][50/227]	lr: 5.000e-05, eta: 0:00:16, time: 0.182, data_time: 0.046, memory: 838, loss_rpn_cls: 0.0050, loss_rpn_bbox: 0.0011, loss_cls: 0.0202, acc: 99.5391, loss_bbox: 0.0222, loss: 0.0485, grad_norm: 0.5549
2025-05-04 19:17:56,487 - mmrotate - INFO - Epoch [12][100/227]	lr: 5.000e-05, eta: 0:00:11, time: 0.139, data_time: 0.002, memory: 838, loss_rpn_cls: 0.0001, loss_rpn_bbox: 0.0000, loss_cls: 0.0211, acc: 99.4941, loss_bbox: 0.0236, loss: 0.0448, grad_norm: 0.5191
2025-05-04 19:18:01,602 - mmrotate - INFO - Epoch [12][150/227]	lr: 5.000e-05, eta: 0:00:07, time: 0.102, data_time: 0.002, memory: 838, loss_rpn_cls: 0.0016, loss_rpn_bbox: 0.0012, loss_cls: 0.0200, acc: 99.5430, loss_bbox: 0.0218, loss: 0.0447, grad_norm: 0.5125
2025-05-04 19:18:08,292 - mmrotate - INFO - Epoch [12][200/227]	lr: 5.000e-05, eta: 0:00:02, time: 0.134, data_time: 0.003, memory: 838, loss_rpn_cls: 0.0005, loss_rpn_bbox: 0.0001, loss_cls: 0.0180, acc: 99.5410, loss_bbox: 0.0244, loss: 0.0430, grad_norm: 0.4537
2025-05-04 19:18:12,133 - mmrotate - INFO - Saving checkpoint at 12 epochs
2025-05-04 19:18:37,970 - mmrotate - INFO - 
+--------+-----+------+--------+-------+
| class  | gts | dets | recall | ap    |
+--------+-----+------+--------+-------+
| CFCBK  | 9   | 2848 | 0.000  | 0.000 |
| FCBK   | 54  | 2897 | 0.148  | 0.001 |
| Zigzag | 790 | 4386 | 0.434  | 0.244 |
+--------+-----+------+--------+-------+
| mAP    |     |      |        | 0.082 |
+--------+-----+------+--------+-------+
2025-05-04 19:18:38,442 - mmrotate - INFO - Exp name: oriented_rcnn_r50_fpn_1x_brickkiln_le90.py
2025-05-04 19:18:38,442 - mmrotate - INFO - Epoch(val) [12][454]	mAP: 0.0816
